{"C:\\Users\\Francis\\OneDrive\\Documents\\week-8-capstone_-sawe-blip\\server\\src\\middleware\\auth.js": {"path":"C:\\Users\\Francis\\OneDrive\\Documents\\week-8-capstone_-sawe-blip\\server\\src\\middleware\\auth.js","statementMap":{"0":{"start":{"line":1,"column":12},"end":{"line":1,"column":35}},"1":{"start":{"line":2,"column":13},"end":{"line":2,"column":38}},"2":{"start":{"line":4,"column":13},"end":{"line":30,"column":1}},"3":{"start":{"line":5,"column":2},"end":{"line":29,"column":3}},"4":{"start":{"line":6,"column":18},"end":{"line":6,"column":69}},"5":{"start":{"line":8,"column":4},"end":{"line":10,"column":5}},"6":{"start":{"line":9,"column":6},"end":{"line":9,"column":84}},"7":{"start":{"line":12,"column":20},"end":{"line":12,"column":82}},"8":{"start":{"line":13,"column":17},"end":{"line":13,"column":72}},"9":{"start":{"line":15,"column":4},"end":{"line":17,"column":5}},"10":{"start":{"line":16,"column":6},"end":{"line":16,"column":81}},"11":{"start":{"line":19,"column":4},"end":{"line":19,"column":20}},"12":{"start":{"line":20,"column":4},"end":{"line":20,"column":11}},"13":{"start":{"line":22,"column":4},"end":{"line":24,"column":5}},"14":{"start":{"line":23,"column":6},"end":{"line":23,"column":65}},"15":{"start":{"line":25,"column":4},"end":{"line":27,"column":5}},"16":{"start":{"line":26,"column":6},"end":{"line":26,"column":65}},"17":{"start":{"line":28,"column":4},"end":{"line":28,"column":55}},"18":{"start":{"line":32,"column":18},"end":{"line":43,"column":1}},"19":{"start":{"line":33,"column":2},"end":{"line":42,"column":3}},"20":{"start":{"line":34,"column":4},"end":{"line":39,"column":7}},"21":{"start":{"line":35,"column":6},"end":{"line":37,"column":7}},"22":{"start":{"line":36,"column":8},"end":{"line":36,"column":94}},"23":{"start":{"line":38,"column":6},"end":{"line":38,"column":13}},"24":{"start":{"line":41,"column":4},"end":{"line":41,"column":55}},"25":{"start":{"line":45,"column":0},"end":{"line":45,"column":37}}},"fnMap":{"0":{"name":"(anonymous_0)","decl":{"start":{"line":4,"column":13},"end":{"line":4,"column":14}},"loc":{"start":{"line":4,"column":39},"end":{"line":30,"column":1}},"line":4},"1":{"name":"(anonymous_1)","decl":{"start":{"line":32,"column":18},"end":{"line":32,"column":19}},"loc":{"start":{"line":32,"column":44},"end":{"line":43,"column":1}},"line":32},"2":{"name":"(anonymous_2)","decl":{"start":{"line":34,"column":25},"end":{"line":34,"column":26}},"loc":{"start":{"line":34,"column":31},"end":{"line":39,"column":5}},"line":34}},"branchMap":{"0":{"loc":{"start":{"line":8,"column":4},"end":{"line":10,"column":5}},"type":"if","locations":[{"start":{"line":8,"column":4},"end":{"line":10,"column":5}},{"start":{},"end":{}}],"line":8},"1":{"loc":{"start":{"line":12,"column":38},"end":{"line":12,"column":81}},"type":"binary-expr","locations":[{"start":{"line":12,"column":38},"end":{"line":12,"column":60}},{"start":{"line":12,"column":64},"end":{"line":12,"column":81}}],"line":12},"2":{"loc":{"start":{"line":15,"column":4},"end":{"line":17,"column":5}},"type":"if","locations":[{"start":{"line":15,"column":4},"end":{"line":17,"column":5}},{"start":{},"end":{}}],"line":15},"3":{"loc":{"start":{"line":22,"column":4},"end":{"line":24,"column":5}},"type":"if","locations":[{"start":{"line":22,"column":4},"end":{"line":24,"column":5}},{"start":{},"end":{}}],"line":22},"4":{"loc":{"start":{"line":25,"column":4},"end":{"line":27,"column":5}},"type":"if","locations":[{"start":{"line":25,"column":4},"end":{"line":27,"column":5}},{"start":{},"end":{}}],"line":25},"5":{"loc":{"start":{"line":35,"column":6},"end":{"line":37,"column":7}},"type":"if","locations":[{"start":{"line":35,"column":6},"end":{"line":37,"column":7}},{"start":{},"end":{}}],"line":35}},"s":{"0":3,"1":3,"2":3,"3":0,"4":0,"5":0,"6":0,"7":0,"8":0,"9":0,"10":0,"11":0,"12":0,"13":0,"14":0,"15":0,"16":0,"17":0,"18":3,"19":0,"20":0,"21":0,"22":0,"23":0,"24":0,"25":3},"f":{"0":0,"1":0,"2":0},"b":{"0":[0,0],"1":[0,0],"2":[0,0],"3":[0,0],"4":[0,0],"5":[0,0]},"_coverageSchema":"1a1c01bbd47fc00a2c39e90264f33305004495a9","hash":"48bc89775e11a4683e57a04ac07ace514fe7632c"}
,"C:\\Users\\Francis\\OneDrive\\Documents\\week-8-capstone_-sawe-blip\\server\\src\\middleware\\errorHandler.js": {"path":"C:\\Users\\Francis\\OneDrive\\Documents\\week-8-capstone_-sawe-blip\\server\\src\\middleware\\errorHandler.js","statementMap":{"0":{"start":{"line":2,"column":21},"end":{"line":44,"column":1}},"1":{"start":{"line":3,"column":14},"end":{"line":3,"column":24}},"2":{"start":{"line":4,"column":2},"end":{"line":4,"column":30}},"3":{"start":{"line":7,"column":2},"end":{"line":7,"column":21}},"4":{"start":{"line":10,"column":2},"end":{"line":13,"column":3}},"5":{"start":{"line":11,"column":20},"end":{"line":11,"column":40}},"6":{"start":{"line":12,"column":4},"end":{"line":12,"column":41}},"7":{"start":{"line":16,"column":2},"end":{"line":20,"column":3}},"8":{"start":{"line":17,"column":18},"end":{"line":17,"column":46}},"9":{"start":{"line":18,"column":20},"end":{"line":18,"column":45}},"10":{"start":{"line":19,"column":4},"end":{"line":19,"column":41}},"11":{"start":{"line":23,"column":2},"end":{"line":26,"column":3}},"12":{"start":{"line":24,"column":20},"end":{"line":24,"column":80}},"13":{"start":{"line":24,"column":57},"end":{"line":24,"column":68}},"14":{"start":{"line":25,"column":4},"end":{"line":25,"column":41}},"15":{"start":{"line":29,"column":2},"end":{"line":32,"column":3}},"16":{"start":{"line":30,"column":20},"end":{"line":30,"column":35}},"17":{"start":{"line":31,"column":4},"end":{"line":31,"column":41}},"18":{"start":{"line":34,"column":2},"end":{"line":37,"column":3}},"19":{"start":{"line":35,"column":20},"end":{"line":35,"column":35}},"20":{"start":{"line":36,"column":4},"end":{"line":36,"column":41}},"21":{"start":{"line":39,"column":2},"end":{"line":43,"column":5}},"22":{"start":{"line":46,"column":0},"end":{"line":46,"column":34}}},"fnMap":{"0":{"name":"(anonymous_0)","decl":{"start":{"line":2,"column":21},"end":{"line":2,"column":22}},"loc":{"start":{"line":2,"column":46},"end":{"line":44,"column":1}},"line":2},"1":{"name":"(anonymous_1)","decl":{"start":{"line":24,"column":50},"end":{"line":24,"column":51}},"loc":{"start":{"line":24,"column":57},"end":{"line":24,"column":68}},"line":24}},"branchMap":{"0":{"loc":{"start":{"line":10,"column":2},"end":{"line":13,"column":3}},"type":"if","locations":[{"start":{"line":10,"column":2},"end":{"line":13,"column":3}},{"start":{},"end":{}}],"line":10},"1":{"loc":{"start":{"line":16,"column":2},"end":{"line":20,"column":3}},"type":"if","locations":[{"start":{"line":16,"column":2},"end":{"line":20,"column":3}},{"start":{},"end":{}}],"line":16},"2":{"loc":{"start":{"line":23,"column":2},"end":{"line":26,"column":3}},"type":"if","locations":[{"start":{"line":23,"column":2},"end":{"line":26,"column":3}},{"start":{},"end":{}}],"line":23},"3":{"loc":{"start":{"line":29,"column":2},"end":{"line":32,"column":3}},"type":"if","locations":[{"start":{"line":29,"column":2},"end":{"line":32,"column":3}},{"start":{},"end":{}}],"line":29},"4":{"loc":{"start":{"line":34,"column":2},"end":{"line":37,"column":3}},"type":"if","locations":[{"start":{"line":34,"column":2},"end":{"line":37,"column":3}},{"start":{},"end":{}}],"line":34},"5":{"loc":{"start":{"line":39,"column":13},"end":{"line":39,"column":36}},"type":"binary-expr","locations":[{"start":{"line":39,"column":13},"end":{"line":39,"column":29}},{"start":{"line":39,"column":33},"end":{"line":39,"column":36}}],"line":39},"6":{"loc":{"start":{"line":41,"column":13},"end":{"line":41,"column":44}},"type":"binary-expr","locations":[{"start":{"line":41,"column":13},"end":{"line":41,"column":26}},{"start":{"line":41,"column":30},"end":{"line":41,"column":44}}],"line":41},"7":{"loc":{"start":{"line":42,"column":8},"end":{"line":42,"column":70}},"type":"binary-expr","locations":[{"start":{"line":42,"column":8},"end":{"line":42,"column":46}},{"start":{"line":42,"column":50},"end":{"line":42,"column":70}}],"line":42}},"s":{"0":3,"1":0,"2":0,"3":0,"4":0,"5":0,"6":0,"7":0,"8":0,"9":0,"10":0,"11":0,"12":0,"13":0,"14":0,"15":0,"16":0,"17":0,"18":0,"19":0,"20":0,"21":0,"22":3},"f":{"0":0,"1":0},"b":{"0":[0,0],"1":[0,0],"2":[0,0],"3":[0,0],"4":[0,0],"5":[0,0],"6":[0,0],"7":[0,0]},"_coverageSchema":"1a1c01bbd47fc00a2c39e90264f33305004495a9","hash":"3edeebae0e2395b03f95cccd5313dc106558c279"}
,"C:\\Users\\Francis\\OneDrive\\Documents\\week-8-capstone_-sawe-blip\\server\\src\\middleware\\upload.js": {"path":"C:\\Users\\Francis\\OneDrive\\Documents\\week-8-capstone_-sawe-blip\\server\\src\\middleware\\upload.js","statementMap":{"0":{"start":{"line":1,"column":15},"end":{"line":1,"column":32}},"1":{"start":{"line":2,"column":13},"end":{"line":2,"column":28}},"2":{"start":{"line":3,"column":11},"end":{"line":3,"column":24}},"3":{"start":{"line":6,"column":0},"end":{"line":8,"column":1}},"4":{"start":{"line":7,"column":2},"end":{"line":7,"column":26}},"5":{"start":{"line":11,"column":16},"end":{"line":19,"column":2}},"6":{"start":{"line":13,"column":4},"end":{"line":13,"column":25}},"7":{"start":{"line":16,"column":25},"end":{"line":16,"column":75}},"8":{"start":{"line":17,"column":4},"end":{"line":17,"column":84}},"9":{"start":{"line":21,"column":15},"end":{"line":33,"column":2}},"10":{"start":{"line":27,"column":4},"end":{"line":31,"column":5}},"11":{"start":{"line":28,"column":6},"end":{"line":28,"column":21}},"12":{"start":{"line":30,"column":6},"end":{"line":30,"column":60}},"13":{"start":{"line":35,"column":0},"end":{"line":35,"column":24}}},"fnMap":{"0":{"name":"(anonymous_0)","decl":{"start":{"line":12,"column":15},"end":{"line":12,"column":16}},"loc":{"start":{"line":12,"column":40},"end":{"line":14,"column":3}},"line":12},"1":{"name":"(anonymous_1)","decl":{"start":{"line":15,"column":12},"end":{"line":15,"column":13}},"loc":{"start":{"line":15,"column":37},"end":{"line":18,"column":3}},"line":15},"2":{"name":"(anonymous_2)","decl":{"start":{"line":26,"column":14},"end":{"line":26,"column":15}},"loc":{"start":{"line":26,"column":39},"end":{"line":32,"column":3}},"line":26}},"branchMap":{"0":{"loc":{"start":{"line":6,"column":0},"end":{"line":8,"column":1}},"type":"if","locations":[{"start":{"line":6,"column":0},"end":{"line":8,"column":1}},{"start":{},"end":{}}],"line":6},"1":{"loc":{"start":{"line":27,"column":4},"end":{"line":31,"column":5}},"type":"if","locations":[{"start":{"line":27,"column":4},"end":{"line":31,"column":5}},{"start":{"line":29,"column":11},"end":{"line":31,"column":5}}],"line":27}},"s":{"0":3,"1":3,"2":3,"3":3,"4":0,"5":3,"6":0,"7":0,"8":0,"9":3,"10":0,"11":0,"12":0,"13":3},"f":{"0":0,"1":0,"2":0},"b":{"0":[0,3],"1":[0,0]},"_coverageSchema":"1a1c01bbd47fc00a2c39e90264f33305004495a9","hash":"7c9919f9056732b92805df4fbb492233cad86d1b"}
,"C:\\Users\\Francis\\OneDrive\\Documents\\week-8-capstone_-sawe-blip\\server\\src\\models\\Recipe.js": {"path":"C:\\Users\\Francis\\OneDrive\\Documents\\week-8-capstone_-sawe-blip\\server\\src\\models\\Recipe.js","statementMap":{"0":{"start":{"line":2,"column":17},"end":{"line":2,"column":36}},"1":{"start":{"line":4,"column":25},"end":{"line":20,"column":2}},"2":{"start":{"line":22,"column":26},"end":{"line":32,"column":2}},"3":{"start":{"line":34,"column":21},"end":{"line":53,"column":2}},"4":{"start":{"line":55,"column":21},"end":{"line":142,"column":2}},"5":{"start":{"line":145,"column":0},"end":{"line":150,"column":3}},"6":{"start":{"line":153,"column":0},"end":{"line":163,"column":3}},"7":{"start":{"line":154,"column":2},"end":{"line":161,"column":3}},"8":{"start":{"line":155,"column":24},"end":{"line":155,"column":84}},"9":{"start":{"line":155,"column":61},"end":{"line":155,"column":80}},"10":{"start":{"line":156,"column":4},"end":{"line":156,"column":59}},"11":{"start":{"line":157,"column":4},"end":{"line":157,"column":44}},"12":{"start":{"line":159,"column":4},"end":{"line":159,"column":27}},"13":{"start":{"line":160,"column":4},"end":{"line":160,"column":26}},"14":{"start":{"line":162,"column":2},"end":{"line":162,"column":9}},"15":{"start":{"line":166,"column":0},"end":{"line":168,"column":3}},"16":{"start":{"line":167,"column":2},"end":{"line":167,"column":39}},"17":{"start":{"line":171,"column":0},"end":{"line":183,"column":2}},"18":{"start":{"line":173,"column":2},"end":{"line":173,"column":93}},"19":{"start":{"line":173,"column":47},"end":{"line":173,"column":91}},"20":{"start":{"line":176,"column":2},"end":{"line":180,"column":5}},"21":{"start":{"line":182,"column":2},"end":{"line":182,"column":21}},"22":{"start":{"line":186,"column":0},"end":{"line":196,"column":2}},"23":{"start":{"line":187,"column":20},"end":{"line":187,"column":46}},"24":{"start":{"line":189,"column":2},"end":{"line":193,"column":3}},"25":{"start":{"line":190,"column":4},"end":{"line":190,"column":28}},"26":{"start":{"line":192,"column":4},"end":{"line":192,"column":36}},"27":{"start":{"line":195,"column":2},"end":{"line":195,"column":21}},"28":{"start":{"line":199,"column":0},"end":{"line":215,"column":2}},"29":{"start":{"line":200,"column":16},"end":{"line":200,"column":34}},"30":{"start":{"line":202,"column":2},"end":{"line":202,"column":58}},"31":{"start":{"line":202,"column":24},"end":{"line":202,"column":58}},"32":{"start":{"line":203,"column":2},"end":{"line":203,"column":55}},"33":{"start":{"line":203,"column":23},"end":{"line":203,"column":55}},"34":{"start":{"line":204,"column":2},"end":{"line":204,"column":64}},"35":{"start":{"line":204,"column":26},"end":{"line":204,"column":64}},"36":{"start":{"line":205,"column":2},"end":{"line":207,"column":3}},"37":{"start":{"line":206,"column":4},"end":{"line":206,"column":46}},"38":{"start":{"line":208,"column":2},"end":{"line":210,"column":3}},"39":{"start":{"line":209,"column":4},"end":{"line":209,"column":84}},"40":{"start":{"line":212,"column":2},"end":{"line":214,"column":47}},"41":{"start":{"line":217,"column":0},"end":{"line":217,"column":56}}},"fnMap":{"0":{"name":"(anonymous_0)","decl":{"start":{"line":153,"column":25},"end":{"line":153,"column":26}},"loc":{"start":{"line":153,"column":40},"end":{"line":163,"column":1}},"line":153},"1":{"name":"(anonymous_1)","decl":{"start":{"line":155,"column":44},"end":{"line":155,"column":45}},"loc":{"start":{"line":155,"column":61},"end":{"line":155,"column":80}},"line":155},"2":{"name":"(anonymous_2)","decl":{"start":{"line":166,"column":38},"end":{"line":166,"column":39}},"loc":{"start":{"line":166,"column":49},"end":{"line":168,"column":1}},"line":166},"3":{"name":"(anonymous_3)","decl":{"start":{"line":171,"column":33},"end":{"line":171,"column":34}},"loc":{"start":{"line":171,"column":67},"end":{"line":183,"column":1}},"line":171},"4":{"name":"(anonymous_4)","decl":{"start":{"line":173,"column":37},"end":{"line":173,"column":38}},"loc":{"start":{"line":173,"column":47},"end":{"line":173,"column":91}},"line":173},"5":{"name":"(anonymous_5)","decl":{"start":{"line":186,"column":34},"end":{"line":186,"column":35}},"loc":{"start":{"line":186,"column":51},"end":{"line":196,"column":1}},"line":186},"6":{"name":"(anonymous_6)","decl":{"start":{"line":199,"column":42},"end":{"line":199,"column":43}},"loc":{"start":{"line":199,"column":65},"end":{"line":215,"column":1}},"line":199}},"branchMap":{"0":{"loc":{"start":{"line":154,"column":2},"end":{"line":161,"column":3}},"type":"if","locations":[{"start":{"line":154,"column":2},"end":{"line":161,"column":3}},{"start":{"line":158,"column":9},"end":{"line":161,"column":3}}],"line":154},"1":{"loc":{"start":{"line":154,"column":6},"end":{"line":154,"column":45}},"type":"binary-expr","locations":[{"start":{"line":154,"column":6},"end":{"line":154,"column":18}},{"start":{"line":154,"column":22},"end":{"line":154,"column":45}}],"line":154},"2":{"loc":{"start":{"line":189,"column":2},"end":{"line":193,"column":3}},"type":"if","locations":[{"start":{"line":189,"column":2},"end":{"line":193,"column":3}},{"start":{"line":191,"column":9},"end":{"line":193,"column":3}}],"line":189},"3":{"loc":{"start":{"line":199,"column":51},"end":{"line":199,"column":63}},"type":"default-arg","locations":[{"start":{"line":199,"column":61},"end":{"line":199,"column":63}}],"line":199},"4":{"loc":{"start":{"line":202,"column":2},"end":{"line":202,"column":58}},"type":"if","locations":[{"start":{"line":202,"column":2},"end":{"line":202,"column":58}},{"start":{},"end":{}}],"line":202},"5":{"loc":{"start":{"line":203,"column":2},"end":{"line":203,"column":55}},"type":"if","locations":[{"start":{"line":203,"column":2},"end":{"line":203,"column":55}},{"start":{},"end":{}}],"line":203},"6":{"loc":{"start":{"line":204,"column":2},"end":{"line":204,"column":64}},"type":"if","locations":[{"start":{"line":204,"column":2},"end":{"line":204,"column":64}},{"start":{},"end":{}}],"line":204},"7":{"loc":{"start":{"line":205,"column":2},"end":{"line":207,"column":3}},"type":"if","locations":[{"start":{"line":205,"column":2},"end":{"line":207,"column":3}},{"start":{},"end":{}}],"line":205},"8":{"loc":{"start":{"line":208,"column":2},"end":{"line":210,"column":3}},"type":"if","locations":[{"start":{"line":208,"column":2},"end":{"line":210,"column":3}},{"start":{},"end":{}}],"line":208},"9":{"loc":{"start":{"line":214,"column":10},"end":{"line":214,"column":45}},"type":"binary-expr","locations":[{"start":{"line":214,"column":10},"end":{"line":214,"column":24}},{"start":{"line":214,"column":28},"end":{"line":214,"column":45}}],"line":214}},"s":{"0":3,"1":3,"2":3,"3":3,"4":3,"5":3,"6":3,"7":0,"8":0,"9":0,"10":0,"11":0,"12":0,"13":0,"14":0,"15":3,"16":0,"17":3,"18":0,"19":0,"20":0,"21":0,"22":3,"23":0,"24":0,"25":0,"26":0,"27":0,"28":3,"29":0,"30":0,"31":0,"32":0,"33":0,"34":0,"35":0,"36":0,"37":0,"38":0,"39":0,"40":0,"41":3},"f":{"0":0,"1":0,"2":0,"3":0,"4":0,"5":0,"6":0},"b":{"0":[0,0],"1":[0,0],"2":[0,0],"3":[0],"4":[0,0],"5":[0,0],"6":[0,0],"7":[0,0],"8":[0,0],"9":[0,0]},"_coverageSchema":"1a1c01bbd47fc00a2c39e90264f33305004495a9","hash":"2895de18b24f4e961055d93caafb3948645f95ca"}
,"C:\\Users\\Francis\\OneDrive\\Documents\\week-8-capstone_-sawe-blip\\server\\src\\models\\User.js": {"path":"C:\\Users\\Francis\\OneDrive\\Documents\\week-8-capstone_-sawe-blip\\server\\src\\models\\User.js","statementMap":{"0":{"start":{"line":2,"column":17},"end":{"line":2,"column":36}},"1":{"start":{"line":3,"column":15},"end":{"line":3,"column":34}},"2":{"start":{"line":5,"column":19},"end":{"line":70,"column":2}},"3":{"start":{"line":73,"column":0},"end":{"line":92,"column":3}},"4":{"start":{"line":74,"column":2},"end":{"line":74,"column":44}},"5":{"start":{"line":75,"column":2},"end":{"line":75,"column":65}},"6":{"start":{"line":77,"column":2},"end":{"line":80,"column":3}},"7":{"start":{"line":78,"column":4},"end":{"line":78,"column":56}},"8":{"start":{"line":79,"column":4},"end":{"line":79,"column":18}},"9":{"start":{"line":82,"column":2},"end":{"line":91,"column":3}},"10":{"start":{"line":83,"column":4},"end":{"line":83,"column":39}},"11":{"start":{"line":84,"column":17},"end":{"line":84,"column":41}},"12":{"start":{"line":85,"column":4},"end":{"line":85,"column":59}},"13":{"start":{"line":86,"column":4},"end":{"line":86,"column":50}},"14":{"start":{"line":87,"column":4},"end":{"line":87,"column":11}},"15":{"start":{"line":89,"column":4},"end":{"line":89,"column":54}},"16":{"start":{"line":90,"column":4},"end":{"line":90,"column":16}},"17":{"start":{"line":95,"column":0},"end":{"line":97,"column":2}},"18":{"start":{"line":96,"column":2},"end":{"line":96,"column":64}},"19":{"start":{"line":100,"column":0},"end":{"line":104,"column":2}},"20":{"start":{"line":101,"column":21},"end":{"line":101,"column":36}},"21":{"start":{"line":102,"column":2},"end":{"line":102,"column":29}},"22":{"start":{"line":103,"column":2},"end":{"line":103,"column":20}},"23":{"start":{"line":106,"column":0},"end":{"line":106,"column":52}}},"fnMap":{"0":{"name":"(anonymous_0)","decl":{"start":{"line":73,"column":23},"end":{"line":73,"column":24}},"loc":{"start":{"line":73,"column":44},"end":{"line":92,"column":1}},"line":73},"1":{"name":"(anonymous_1)","decl":{"start":{"line":95,"column":37},"end":{"line":95,"column":38}},"loc":{"start":{"line":95,"column":71},"end":{"line":97,"column":1}},"line":95},"2":{"name":"(anonymous_2)","decl":{"start":{"line":100,"column":32},"end":{"line":100,"column":33}},"loc":{"start":{"line":100,"column":43},"end":{"line":104,"column":1}},"line":100}},"branchMap":{"0":{"loc":{"start":{"line":77,"column":2},"end":{"line":80,"column":3}},"type":"if","locations":[{"start":{"line":77,"column":2},"end":{"line":80,"column":3}},{"start":{},"end":{}}],"line":77}},"s":{"0":3,"1":3,"2":3,"3":3,"4":0,"5":0,"6":0,"7":0,"8":0,"9":0,"10":0,"11":0,"12":0,"13":0,"14":0,"15":0,"16":0,"17":3,"18":0,"19":3,"20":0,"21":0,"22":0,"23":3},"f":{"0":0,"1":0,"2":0},"b":{"0":[0,0]},"_coverageSchema":"1a1c01bbd47fc00a2c39e90264f33305004495a9","hash":"1841a524f3832ed8b8ca221fd50f2fdda54d5d7e"}
,"C:\\Users\\Francis\\OneDrive\\Documents\\week-8-capstone_-sawe-blip\\server\\src\\routes\\auth.js": {"path":"C:\\Users\\Francis\\OneDrive\\Documents\\week-8-capstone_-sawe-blip\\server\\src\\routes\\auth.js","statementMap":{"0":{"start":{"line":2,"column":16},"end":{"line":2,"column":34}},"1":{"start":{"line":3,"column":12},"end":{"line":3,"column":35}},"2":{"start":{"line":4,"column":35},"end":{"line":4,"column":63}},"3":{"start":{"line":5,"column":13},"end":{"line":5,"column":38}},"4":{"start":{"line":6,"column":17},"end":{"line":6,"column":46}},"5":{"start":{"line":8,"column":15},"end":{"line":8,"column":31}},"6":{"start":{"line":11,"column":22},"end":{"line":17,"column":1}},"7":{"start":{"line":12,"column":2},"end":{"line":16,"column":4}},"8":{"start":{"line":22,"column":0},"end":{"line":118,"column":3}},"9":{"start":{"line":41,"column":2},"end":{"line":117,"column":3}},"10":{"start":{"line":43,"column":19},"end":{"line":43,"column":40}},"11":{"start":{"line":44,"column":4},"end":{"line":50,"column":5}},"12":{"start":{"line":45,"column":6},"end":{"line":49,"column":9}},"13":{"start":{"line":52,"column":63},"end":{"line":52,"column":71}},"14":{"start":{"line":55,"column":25},"end":{"line":57,"column":6}},"15":{"start":{"line":59,"column":4},"end":{"line":64,"column":5}},"16":{"start":{"line":60,"column":6},"end":{"line":63,"column":9}},"17":{"start":{"line":67,"column":17},"end":{"line":73,"column":6}},"18":{"start":{"line":75,"column":4},"end":{"line":75,"column":46}},"19":{"start":{"line":76,"column":4},"end":{"line":82,"column":7}},"20":{"start":{"line":84,"column":4},"end":{"line":100,"column":5}},"21":{"start":{"line":85,"column":6},"end":{"line":85,"column":24}},"22":{"start":{"line":86,"column":6},"end":{"line":86,"column":48}},"23":{"start":{"line":87,"column":6},"end":{"line":87,"column":40}},"24":{"start":{"line":88,"column":6},"end":{"line":88,"column":76}},"25":{"start":{"line":91,"column":24},"end":{"line":91,"column":53}},"26":{"start":{"line":92,"column":6},"end":{"line":96,"column":7}},"27":{"start":{"line":93,"column":8},"end":{"line":93,"column":69}},"28":{"start":{"line":95,"column":8},"end":{"line":95,"column":64}},"29":{"start":{"line":98,"column":6},"end":{"line":98,"column":55}},"30":{"start":{"line":99,"column":6},"end":{"line":99,"column":22}},"31":{"start":{"line":103,"column":18},"end":{"line":103,"column":41}},"32":{"start":{"line":105,"column":4},"end":{"line":110,"column":7}},"33":{"start":{"line":112,"column":4},"end":{"line":112,"column":48}},"34":{"start":{"line":113,"column":4},"end":{"line":116,"column":7}},"35":{"start":{"line":123,"column":0},"end":{"line":183,"column":3}},"36":{"start":{"line":131,"column":2},"end":{"line":182,"column":3}},"37":{"start":{"line":133,"column":19},"end":{"line":133,"column":40}},"38":{"start":{"line":134,"column":4},"end":{"line":140,"column":5}},"39":{"start":{"line":135,"column":6},"end":{"line":139,"column":9}},"40":{"start":{"line":142,"column":32},"end":{"line":142,"column":40}},"41":{"start":{"line":145,"column":17},"end":{"line":145,"column":46}},"42":{"start":{"line":146,"column":4},"end":{"line":152,"column":5}},"43":{"start":{"line":147,"column":6},"end":{"line":147,"column":54}},"44":{"start":{"line":148,"column":6},"end":{"line":151,"column":9}},"45":{"start":{"line":154,"column":4},"end":{"line":154,"column":101}},"46":{"start":{"line":157,"column":20},"end":{"line":157,"column":56}},"47":{"start":{"line":158,"column":4},"end":{"line":158,"column":51}},"48":{"start":{"line":160,"column":4},"end":{"line":165,"column":5}},"49":{"start":{"line":161,"column":6},"end":{"line":164,"column":9}},"50":{"start":{"line":168,"column":18},"end":{"line":168,"column":41}},"51":{"start":{"line":170,"column":4},"end":{"line":175,"column":7}},"52":{"start":{"line":177,"column":4},"end":{"line":177,"column":41}},"53":{"start":{"line":178,"column":4},"end":{"line":181,"column":7}},"54":{"start":{"line":188,"column":0},"end":{"line":206,"column":3}},"55":{"start":{"line":189,"column":2},"end":{"line":205,"column":3}},"56":{"start":{"line":190,"column":17},"end":{"line":193,"column":57}},"57":{"start":{"line":195,"column":4},"end":{"line":198,"column":7}},"58":{"start":{"line":200,"column":4},"end":{"line":200,"column":47}},"59":{"start":{"line":201,"column":4},"end":{"line":204,"column":7}},"60":{"start":{"line":211,"column":0},"end":{"line":262,"column":3}},"61":{"start":{"line":225,"column":2},"end":{"line":261,"column":3}},"62":{"start":{"line":227,"column":19},"end":{"line":227,"column":40}},"63":{"start":{"line":228,"column":4},"end":{"line":234,"column":5}},"64":{"start":{"line":229,"column":6},"end":{"line":233,"column":9}},"65":{"start":{"line":236,"column":49},"end":{"line":236,"column":57}},"66":{"start":{"line":237,"column":25},"end":{"line":237,"column":27}},"67":{"start":{"line":239,"column":4},"end":{"line":239,"column":54}},"68":{"start":{"line":239,"column":19},"end":{"line":239,"column":54}},"69":{"start":{"line":240,"column":4},"end":{"line":240,"column":51}},"70":{"start":{"line":240,"column":18},"end":{"line":240,"column":51}},"71":{"start":{"line":241,"column":4},"end":{"line":241,"column":50}},"72":{"start":{"line":241,"column":27},"end":{"line":241,"column":50}},"73":{"start":{"line":242,"column":4},"end":{"line":242,"column":59}},"74":{"start":{"line":242,"column":30},"end":{"line":242,"column":59}},"75":{"start":{"line":244,"column":17},"end":{"line":248,"column":25}},"76":{"start":{"line":250,"column":4},"end":{"line":254,"column":7}},"77":{"start":{"line":256,"column":4},"end":{"line":256,"column":50}},"78":{"start":{"line":257,"column":4},"end":{"line":260,"column":7}},"79":{"start":{"line":267,"column":0},"end":{"line":315,"column":3}},"80":{"start":{"line":275,"column":2},"end":{"line":314,"column":3}},"81":{"start":{"line":277,"column":19},"end":{"line":277,"column":40}},"82":{"start":{"line":278,"column":4},"end":{"line":284,"column":5}},"83":{"start":{"line":279,"column":6},"end":{"line":283,"column":9}},"84":{"start":{"line":286,"column":45},"end":{"line":286,"column":53}},"85":{"start":{"line":289,"column":17},"end":{"line":289,"column":50}},"86":{"start":{"line":292,"column":20},"end":{"line":292,"column":63}},"87":{"start":{"line":293,"column":4},"end":{"line":298,"column":5}},"88":{"start":{"line":294,"column":6},"end":{"line":297,"column":9}},"89":{"start":{"line":301,"column":4},"end":{"line":301,"column":32}},"90":{"start":{"line":302,"column":4},"end":{"line":302,"column":22}},"91":{"start":{"line":304,"column":4},"end":{"line":307,"column":7}},"92":{"start":{"line":309,"column":4},"end":{"line":309,"column":51}},"93":{"start":{"line":310,"column":4},"end":{"line":313,"column":7}},"94":{"start":{"line":317,"column":0},"end":{"line":317,"column":24}}},"fnMap":{"0":{"name":"(anonymous_0)","decl":{"start":{"line":11,"column":22},"end":{"line":11,"column":23}},"loc":{"start":{"line":11,"column":34},"end":{"line":17,"column":1}},"line":11},"1":{"name":"(anonymous_1)","decl":{"start":{"line":40,"column":3},"end":{"line":40,"column":4}},"loc":{"start":{"line":40,"column":23},"end":{"line":118,"column":1}},"line":40},"2":{"name":"(anonymous_2)","decl":{"start":{"line":130,"column":3},"end":{"line":130,"column":4}},"loc":{"start":{"line":130,"column":23},"end":{"line":183,"column":1}},"line":130},"3":{"name":"(anonymous_3)","decl":{"start":{"line":188,"column":24},"end":{"line":188,"column":25}},"loc":{"start":{"line":188,"column":44},"end":{"line":206,"column":1}},"line":188},"4":{"name":"(anonymous_4)","decl":{"start":{"line":224,"column":3},"end":{"line":224,"column":4}},"loc":{"start":{"line":224,"column":23},"end":{"line":262,"column":1}},"line":224},"5":{"name":"(anonymous_5)","decl":{"start":{"line":274,"column":3},"end":{"line":274,"column":4}},"loc":{"start":{"line":274,"column":23},"end":{"line":315,"column":1}},"line":274}},"branchMap":{"0":{"loc":{"start":{"line":14,"column":4},"end":{"line":14,"column":47}},"type":"binary-expr","locations":[{"start":{"line":14,"column":4},"end":{"line":14,"column":26}},{"start":{"line":14,"column":30},"end":{"line":14,"column":47}}],"line":14},"1":{"loc":{"start":{"line":44,"column":4},"end":{"line":50,"column":5}},"type":"if","locations":[{"start":{"line":44,"column":4},"end":{"line":50,"column":5}},{"start":{},"end":{}}],"line":44},"2":{"loc":{"start":{"line":59,"column":4},"end":{"line":64,"column":5}},"type":"if","locations":[{"start":{"line":59,"column":4},"end":{"line":64,"column":5}},{"start":{},"end":{}}],"line":59},"3":{"loc":{"start":{"line":92,"column":6},"end":{"line":96,"column":7}},"type":"if","locations":[{"start":{"line":92,"column":6},"end":{"line":96,"column":7}},{"start":{"line":94,"column":13},"end":{"line":96,"column":7}}],"line":92},"4":{"loc":{"start":{"line":134,"column":4},"end":{"line":140,"column":5}},"type":"if","locations":[{"start":{"line":134,"column":4},"end":{"line":140,"column":5}},{"start":{},"end":{}}],"line":134},"5":{"loc":{"start":{"line":146,"column":4},"end":{"line":152,"column":5}},"type":"if","locations":[{"start":{"line":146,"column":4},"end":{"line":152,"column":5}},{"start":{},"end":{}}],"line":146},"6":{"loc":{"start":{"line":160,"column":4},"end":{"line":165,"column":5}},"type":"if","locations":[{"start":{"line":160,"column":4},"end":{"line":165,"column":5}},{"start":{},"end":{}}],"line":160},"7":{"loc":{"start":{"line":228,"column":4},"end":{"line":234,"column":5}},"type":"if","locations":[{"start":{"line":228,"column":4},"end":{"line":234,"column":5}},{"start":{},"end":{}}],"line":228},"8":{"loc":{"start":{"line":239,"column":4},"end":{"line":239,"column":54}},"type":"if","locations":[{"start":{"line":239,"column":4},"end":{"line":239,"column":54}},{"start":{},"end":{}}],"line":239},"9":{"loc":{"start":{"line":240,"column":4},"end":{"line":240,"column":51}},"type":"if","locations":[{"start":{"line":240,"column":4},"end":{"line":240,"column":51}},{"start":{},"end":{}}],"line":240},"10":{"loc":{"start":{"line":241,"column":4},"end":{"line":241,"column":50}},"type":"if","locations":[{"start":{"line":241,"column":4},"end":{"line":241,"column":50}},{"start":{},"end":{}}],"line":241},"11":{"loc":{"start":{"line":242,"column":4},"end":{"line":242,"column":59}},"type":"if","locations":[{"start":{"line":242,"column":4},"end":{"line":242,"column":59}},{"start":{},"end":{}}],"line":242},"12":{"loc":{"start":{"line":278,"column":4},"end":{"line":284,"column":5}},"type":"if","locations":[{"start":{"line":278,"column":4},"end":{"line":284,"column":5}},{"start":{},"end":{}}],"line":278},"13":{"loc":{"start":{"line":293,"column":4},"end":{"line":298,"column":5}},"type":"if","locations":[{"start":{"line":293,"column":4},"end":{"line":298,"column":5}},{"start":{},"end":{}}],"line":293}},"s":{"0":3,"1":3,"2":3,"3":3,"4":3,"5":3,"6":3,"7":0,"8":3,"9":0,"10":0,"11":0,"12":0,"13":0,"14":0,"15":0,"16":0,"17":0,"18":0,"19":0,"20":0,"21":0,"22":0,"23":0,"24":0,"25":0,"26":0,"27":0,"28":0,"29":0,"30":0,"31":0,"32":0,"33":0,"34":0,"35":3,"36":0,"37":0,"38":0,"39":0,"40":0,"41":0,"42":0,"43":0,"44":0,"45":0,"46":0,"47":0,"48":0,"49":0,"50":0,"51":0,"52":0,"53":0,"54":3,"55":0,"56":0,"57":0,"58":0,"59":0,"60":3,"61":0,"62":0,"63":0,"64":0,"65":0,"66":0,"67":0,"68":0,"69":0,"70":0,"71":0,"72":0,"73":0,"74":0,"75":0,"76":0,"77":0,"78":0,"79":3,"80":0,"81":0,"82":0,"83":0,"84":0,"85":0,"86":0,"87":0,"88":0,"89":0,"90":0,"91":0,"92":0,"93":0,"94":3},"f":{"0":0,"1":0,"2":0,"3":0,"4":0,"5":0},"b":{"0":[0,0],"1":[0,0],"2":[0,0],"3":[0,0],"4":[0,0],"5":[0,0],"6":[0,0],"7":[0,0],"8":[0,0],"9":[0,0],"10":[0,0],"11":[0,0],"12":[0,0],"13":[0,0]},"_coverageSchema":"1a1c01bbd47fc00a2c39e90264f33305004495a9","hash":"ec60e202365dc049407efc2edfb278c58c1d65fd"}
,"C:\\Users\\Francis\\OneDrive\\Documents\\week-8-capstone_-sawe-blip\\server\\src\\routes\\recipes.js": {"path":"C:\\Users\\Francis\\OneDrive\\Documents\\week-8-capstone_-sawe-blip\\server\\src\\routes\\recipes.js","statementMap":{"0":{"start":{"line":3,"column":16},"end":{"line":3,"column":34}},"1":{"start":{"line":4,"column":42},"end":{"line":4,"column":70}},"2":{"start":{"line":5,"column":15},"end":{"line":5,"column":42}},"3":{"start":{"line":6,"column":13},"end":{"line":6,"column":38}},"4":{"start":{"line":7,"column":28},"end":{"line":7,"column":57}},"5":{"start":{"line":8,"column":15},"end":{"line":8,"column":46}},"6":{"start":{"line":10,"column":15},"end":{"line":10,"column":31}},"7":{"start":{"line":15,"column":0},"end":{"line":138,"column":3}},"8":{"start":{"line":26,"column":2},"end":{"line":137,"column":3}},"9":{"start":{"line":27,"column":19},"end":{"line":27,"column":40}},"10":{"start":{"line":28,"column":4},"end":{"line":36,"column":5}},"11":{"start":{"line":29,"column":6},"end":{"line":29,"column":58}},"12":{"start":{"line":30,"column":6},"end":{"line":30,"column":49}},"13":{"start":{"line":31,"column":6},"end":{"line":35,"column":9}},"14":{"start":{"line":48,"column":8},"end":{"line":48,"column":17}},"15":{"start":{"line":51,"column":18},"end":{"line":51,"column":36}},"16":{"start":{"line":53,"column":4},"end":{"line":53,"column":63}},"17":{"start":{"line":53,"column":37},"end":{"line":53,"column":63}},"18":{"start":{"line":54,"column":4},"end":{"line":54,"column":86}},"19":{"start":{"line":54,"column":35},"end":{"line":54,"column":86}},"20":{"start":{"line":55,"column":4},"end":{"line":55,"column":71}},"21":{"start":{"line":55,"column":41},"end":{"line":55,"column":71}},"22":{"start":{"line":56,"column":4},"end":{"line":62,"column":5}},"23":{"start":{"line":57,"column":6},"end":{"line":61,"column":8}},"24":{"start":{"line":63,"column":4},"end":{"line":65,"column":5}},"25":{"start":{"line":64,"column":6},"end":{"line":64,"column":88}},"26":{"start":{"line":66,"column":4},"end":{"line":68,"column":5}},"27":{"start":{"line":67,"column":6},"end":{"line":67,"column":60}},"28":{"start":{"line":71,"column":21},"end":{"line":71,"column":23}},"29":{"start":{"line":72,"column":4},"end":{"line":91,"column":5}},"30":{"start":{"line":74,"column":8},"end":{"line":74,"column":39}},"31":{"start":{"line":75,"column":8},"end":{"line":75,"column":14}},"32":{"start":{"line":77,"column":8},"end":{"line":77,"column":38}},"33":{"start":{"line":78,"column":8},"end":{"line":78,"column":14}},"34":{"start":{"line":80,"column":8},"end":{"line":80,"column":43}},"35":{"start":{"line":81,"column":8},"end":{"line":81,"column":14}},"36":{"start":{"line":83,"column":8},"end":{"line":83,"column":37}},"37":{"start":{"line":84,"column":8},"end":{"line":84,"column":14}},"38":{"start":{"line":86,"column":8},"end":{"line":86,"column":34}},"39":{"start":{"line":87,"column":8},"end":{"line":87,"column":14}},"40":{"start":{"line":89,"column":8},"end":{"line":89,"column":63}},"41":{"start":{"line":90,"column":8},"end":{"line":90,"column":14}},"42":{"start":{"line":94,"column":17},"end":{"line":94,"column":55}},"43":{"start":{"line":98,"column":4},"end":{"line":118,"column":5}},"44":{"start":{"line":99,"column":6},"end":{"line":104,"column":25}},"45":{"start":{"line":107,"column":6},"end":{"line":107,"column":65}},"46":{"start":{"line":109,"column":6},"end":{"line":109,"column":54}},"47":{"start":{"line":110,"column":6},"end":{"line":116,"column":7}},"48":{"start":{"line":111,"column":8},"end":{"line":115,"column":11}},"49":{"start":{"line":117,"column":6},"end":{"line":117,"column":20}},"50":{"start":{"line":120,"column":4},"end":{"line":130,"column":7}},"51":{"start":{"line":132,"column":4},"end":{"line":132,"column":47}},"52":{"start":{"line":133,"column":4},"end":{"line":136,"column":7}},"53":{"start":{"line":143,"column":0},"end":{"line":161,"column":3}},"54":{"start":{"line":144,"column":2},"end":{"line":160,"column":3}},"55":{"start":{"line":145,"column":20},"end":{"line":148,"column":15}},"56":{"start":{"line":150,"column":4},"end":{"line":153,"column":7}},"57":{"start":{"line":155,"column":4},"end":{"line":155,"column":56}},"58":{"start":{"line":156,"column":4},"end":{"line":159,"column":7}},"59":{"start":{"line":166,"column":0},"end":{"line":276,"column":3}},"60":{"start":{"line":177,"column":2},"end":{"line":275,"column":3}},"61":{"start":{"line":178,"column":19},"end":{"line":178,"column":40}},"62":{"start":{"line":179,"column":4},"end":{"line":187,"column":5}},"63":{"start":{"line":180,"column":6},"end":{"line":180,"column":58}},"64":{"start":{"line":181,"column":6},"end":{"line":181,"column":49}},"65":{"start":{"line":182,"column":6},"end":{"line":186,"column":9}},"66":{"start":{"line":199,"column":8},"end":{"line":199,"column":17}},"67":{"start":{"line":202,"column":18},"end":{"line":202,"column":36}},"68":{"start":{"line":204,"column":4},"end":{"line":204,"column":44}},"69":{"start":{"line":204,"column":18},"end":{"line":204,"column":44}},"70":{"start":{"line":205,"column":4},"end":{"line":205,"column":68}},"71":{"start":{"line":205,"column":17},"end":{"line":205,"column":68}},"72":{"start":{"line":206,"column":4},"end":{"line":206,"column":50}},"73":{"start":{"line":206,"column":20},"end":{"line":206,"column":50}},"74":{"start":{"line":207,"column":4},"end":{"line":213,"column":5}},"75":{"start":{"line":208,"column":6},"end":{"line":212,"column":8}},"76":{"start":{"line":214,"column":4},"end":{"line":216,"column":5}},"77":{"start":{"line":215,"column":6},"end":{"line":215,"column":88}},"78":{"start":{"line":217,"column":4},"end":{"line":219,"column":5}},"79":{"start":{"line":218,"column":6},"end":{"line":218,"column":60}},"80":{"start":{"line":222,"column":21},"end":{"line":222,"column":23}},"81":{"start":{"line":223,"column":4},"end":{"line":242,"column":5}},"82":{"start":{"line":225,"column":8},"end":{"line":225,"column":39}},"83":{"start":{"line":226,"column":8},"end":{"line":226,"column":14}},"84":{"start":{"line":228,"column":8},"end":{"line":228,"column":38}},"85":{"start":{"line":229,"column":8},"end":{"line":229,"column":14}},"86":{"start":{"line":231,"column":8},"end":{"line":231,"column":43}},"87":{"start":{"line":232,"column":8},"end":{"line":232,"column":14}},"88":{"start":{"line":234,"column":8},"end":{"line":234,"column":37}},"89":{"start":{"line":235,"column":8},"end":{"line":235,"column":14}},"90":{"start":{"line":237,"column":8},"end":{"line":237,"column":34}},"91":{"start":{"line":238,"column":8},"end":{"line":238,"column":14}},"92":{"start":{"line":240,"column":8},"end":{"line":240,"column":63}},"93":{"start":{"line":241,"column":8},"end":{"line":241,"column":14}},"94":{"start":{"line":245,"column":17},"end":{"line":245,"column":55}},"95":{"start":{"line":248,"column":20},"end":{"line":252,"column":29}},"96":{"start":{"line":255,"column":18},"end":{"line":255,"column":52}},"97":{"start":{"line":257,"column":4},"end":{"line":268,"column":7}},"98":{"start":{"line":270,"column":4},"end":{"line":270,"column":50}},"99":{"start":{"line":271,"column":4},"end":{"line":274,"column":7}},"100":{"start":{"line":281,"column":0},"end":{"line":312,"column":3}},"101":{"start":{"line":282,"column":2},"end":{"line":311,"column":3}},"102":{"start":{"line":283,"column":19},"end":{"line":285,"column":69}},"103":{"start":{"line":287,"column":4},"end":{"line":292,"column":5}},"104":{"start":{"line":288,"column":6},"end":{"line":291,"column":9}},"105":{"start":{"line":294,"column":4},"end":{"line":299,"column":5}},"106":{"start":{"line":295,"column":6},"end":{"line":298,"column":9}},"107":{"start":{"line":301,"column":4},"end":{"line":304,"column":7}},"108":{"start":{"line":306,"column":4},"end":{"line":306,"column":46}},"109":{"start":{"line":307,"column":4},"end":{"line":310,"column":7}},"110":{"start":{"line":317,"column":0},"end":{"line":488,"column":3}},"111":{"start":{"line":318,"column":2},"end":{"line":487,"column":3}},"112":{"start":{"line":321,"column":4},"end":{"line":333,"column":5}},"113":{"start":{"line":322,"column":6},"end":{"line":330,"column":7}},"114":{"start":{"line":323,"column":8},"end":{"line":323,"column":47}},"115":{"start":{"line":325,"column":8},"end":{"line":325,"column":64}},"116":{"start":{"line":326,"column":8},"end":{"line":329,"column":11}},"117":{"start":{"line":332,"column":6},"end":{"line":332,"column":28}},"118":{"start":{"line":336,"column":4},"end":{"line":338,"column":5}},"119":{"start":{"line":337,"column":6},"end":{"line":337,"column":57}},"120":{"start":{"line":341,"column":19},"end":{"line":341,"column":21}},"121":{"start":{"line":343,"column":4},"end":{"line":350,"column":5}},"122":{"start":{"line":344,"column":6},"end":{"line":349,"column":9}},"123":{"start":{"line":352,"column":4},"end":{"line":359,"column":5}},"124":{"start":{"line":353,"column":6},"end":{"line":358,"column":9}},"125":{"start":{"line":361,"column":4},"end":{"line":368,"column":5}},"126":{"start":{"line":362,"column":6},"end":{"line":367,"column":9}},"127":{"start":{"line":370,"column":4},"end":{"line":377,"column":5}},"128":{"start":{"line":371,"column":6},"end":{"line":376,"column":9}},"129":{"start":{"line":379,"column":4},"end":{"line":386,"column":5}},"130":{"start":{"line":380,"column":6},"end":{"line":385,"column":9}},"131":{"start":{"line":388,"column":4},"end":{"line":395,"column":5}},"132":{"start":{"line":389,"column":6},"end":{"line":394,"column":9}},"133":{"start":{"line":398,"column":4},"end":{"line":405,"column":5}},"134":{"start":{"line":399,"column":6},"end":{"line":404,"column":9}},"135":{"start":{"line":407,"column":4},"end":{"line":414,"column":5}},"136":{"start":{"line":408,"column":6},"end":{"line":413,"column":9}},"137":{"start":{"line":417,"column":4},"end":{"line":436,"column":5}},"138":{"start":{"line":418,"column":6},"end":{"line":435,"column":9}},"139":{"start":{"line":419,"column":8},"end":{"line":426,"column":9}},"140":{"start":{"line":420,"column":10},"end":{"line":425,"column":13}},"141":{"start":{"line":427,"column":8},"end":{"line":434,"column":9}},"142":{"start":{"line":428,"column":10},"end":{"line":433,"column":13}},"143":{"start":{"line":439,"column":4},"end":{"line":450,"column":5}},"144":{"start":{"line":440,"column":6},"end":{"line":449,"column":9}},"145":{"start":{"line":441,"column":8},"end":{"line":448,"column":9}},"146":{"start":{"line":442,"column":10},"end":{"line":447,"column":13}},"147":{"start":{"line":452,"column":4},"end":{"line":461,"column":5}},"148":{"start":{"line":453,"column":6},"end":{"line":453,"column":50}},"149":{"start":{"line":454,"column":6},"end":{"line":454,"column":47}},"150":{"start":{"line":455,"column":6},"end":{"line":455,"column":55}},"151":{"start":{"line":456,"column":6},"end":{"line":460,"column":9}},"152":{"start":{"line":463,"column":4},"end":{"line":463,"column":37}},"153":{"start":{"line":465,"column":19},"end":{"line":465,"column":41}},"154":{"start":{"line":466,"column":4},"end":{"line":466,"column":24}},"155":{"start":{"line":469,"column":4},"end":{"line":471,"column":7}},"156":{"start":{"line":473,"column":28},"end":{"line":474,"column":63}},"157":{"start":{"line":476,"column":4},"end":{"line":480,"column":7}},"158":{"start":{"line":482,"column":4},"end":{"line":482,"column":49}},"159":{"start":{"line":483,"column":4},"end":{"line":486,"column":7}},"160":{"start":{"line":493,"column":0},"end":{"line":574,"column":3}},"161":{"start":{"line":527,"column":2},"end":{"line":573,"column":3}},"162":{"start":{"line":528,"column":19},"end":{"line":528,"column":40}},"163":{"start":{"line":529,"column":4},"end":{"line":537,"column":5}},"164":{"start":{"line":530,"column":6},"end":{"line":530,"column":58}},"165":{"start":{"line":531,"column":6},"end":{"line":531,"column":47}},"166":{"start":{"line":532,"column":6},"end":{"line":536,"column":9}},"167":{"start":{"line":539,"column":19},"end":{"line":539,"column":55}},"168":{"start":{"line":541,"column":4},"end":{"line":546,"column":5}},"169":{"start":{"line":542,"column":6},"end":{"line":545,"column":9}},"170":{"start":{"line":549,"column":4},"end":{"line":554,"column":5}},"171":{"start":{"line":550,"column":6},"end":{"line":553,"column":9}},"172":{"start":{"line":556,"column":26},"end":{"line":560,"column":62}},"173":{"start":{"line":562,"column":4},"end":{"line":566,"column":7}},"174":{"start":{"line":568,"column":4},"end":{"line":568,"column":49}},"175":{"start":{"line":569,"column":4},"end":{"line":572,"column":7}},"176":{"start":{"line":579,"column":0},"end":{"line":616,"column":3}},"177":{"start":{"line":580,"column":2},"end":{"line":615,"column":3}},"178":{"start":{"line":581,"column":19},"end":{"line":581,"column":55}},"179":{"start":{"line":583,"column":4},"end":{"line":588,"column":5}},"180":{"start":{"line":584,"column":6},"end":{"line":587,"column":9}},"181":{"start":{"line":591,"column":4},"end":{"line":596,"column":5}},"182":{"start":{"line":592,"column":6},"end":{"line":595,"column":9}},"183":{"start":{"line":598,"column":4},"end":{"line":598,"column":50}},"184":{"start":{"line":601,"column":4},"end":{"line":603,"column":7}},"185":{"start":{"line":605,"column":4},"end":{"line":608,"column":7}},"186":{"start":{"line":610,"column":4},"end":{"line":610,"column":49}},"187":{"start":{"line":611,"column":4},"end":{"line":614,"column":7}},"188":{"start":{"line":621,"column":0},"end":{"line":670,"column":3}},"189":{"start":{"line":630,"column":2},"end":{"line":669,"column":3}},"190":{"start":{"line":631,"column":19},"end":{"line":631,"column":40}},"191":{"start":{"line":632,"column":4},"end":{"line":640,"column":5}},"192":{"start":{"line":633,"column":6},"end":{"line":633,"column":58}},"193":{"start":{"line":634,"column":6},"end":{"line":634,"column":47}},"194":{"start":{"line":635,"column":6},"end":{"line":639,"column":9}},"195":{"start":{"line":642,"column":32},"end":{"line":642,"column":40}},"196":{"start":{"line":643,"column":19},"end":{"line":643,"column":55}},"197":{"start":{"line":645,"column":4},"end":{"line":650,"column":5}},"198":{"start":{"line":646,"column":6},"end":{"line":649,"column":9}},"199":{"start":{"line":652,"column":4},"end":{"line":652,"column":58}},"200":{"start":{"line":654,"column":26},"end":{"line":656,"column":69}},"201":{"start":{"line":658,"column":4},"end":{"line":662,"column":7}},"202":{"start":{"line":664,"column":4},"end":{"line":664,"column":46}},"203":{"start":{"line":665,"column":4},"end":{"line":668,"column":7}},"204":{"start":{"line":675,"column":0},"end":{"line":703,"column":3}},"205":{"start":{"line":676,"column":2},"end":{"line":702,"column":3}},"206":{"start":{"line":677,"column":19},"end":{"line":677,"column":55}},"207":{"start":{"line":679,"column":4},"end":{"line":684,"column":5}},"208":{"start":{"line":680,"column":6},"end":{"line":683,"column":9}},"209":{"start":{"line":686,"column":4},"end":{"line":686,"column":42}},"210":{"start":{"line":688,"column":26},"end":{"line":689,"column":63}},"211":{"start":{"line":691,"column":4},"end":{"line":695,"column":7}},"212":{"start":{"line":697,"column":4},"end":{"line":697,"column":47}},"213":{"start":{"line":698,"column":4},"end":{"line":701,"column":7}},"214":{"start":{"line":708,"column":0},"end":{"line":744,"column":3}},"215":{"start":{"line":709,"column":2},"end":{"line":743,"column":3}},"216":{"start":{"line":710,"column":19},"end":{"line":710,"column":55}},"217":{"start":{"line":712,"column":4},"end":{"line":717,"column":5}},"218":{"start":{"line":713,"column":6},"end":{"line":716,"column":9}},"219":{"start":{"line":719,"column":17},"end":{"line":719,"column":50}},"220":{"start":{"line":720,"column":23},"end":{"line":720,"column":67}},"221":{"start":{"line":722,"column":4},"end":{"line":730,"column":5}},"222":{"start":{"line":723,"column":6},"end":{"line":725,"column":9}},"223":{"start":{"line":727,"column":6},"end":{"line":729,"column":9}},"224":{"start":{"line":732,"column":4},"end":{"line":736,"column":7}},"225":{"start":{"line":738,"column":4},"end":{"line":738,"column":51}},"226":{"start":{"line":739,"column":4},"end":{"line":742,"column":7}},"227":{"start":{"line":746,"column":0},"end":{"line":746,"column":24}}},"fnMap":{"0":{"name":"(anonymous_0)","decl":{"start":{"line":25,"column":3},"end":{"line":25,"column":4}},"loc":{"start":{"line":25,"column":23},"end":{"line":138,"column":1}},"line":25},"1":{"name":"(anonymous_1)","decl":{"start":{"line":143,"column":24},"end":{"line":143,"column":25}},"loc":{"start":{"line":143,"column":44},"end":{"line":161,"column":1}},"line":143},"2":{"name":"(anonymous_2)","decl":{"start":{"line":176,"column":3},"end":{"line":176,"column":4}},"loc":{"start":{"line":176,"column":23},"end":{"line":276,"column":1}},"line":176},"3":{"name":"(anonymous_3)","decl":{"start":{"line":281,"column":19},"end":{"line":281,"column":20}},"loc":{"start":{"line":281,"column":39},"end":{"line":312,"column":1}},"line":281},"4":{"name":"(anonymous_4)","decl":{"start":{"line":317,"column":47},"end":{"line":317,"column":48}},"loc":{"start":{"line":317,"column":67},"end":{"line":488,"column":1}},"line":317},"5":{"name":"(anonymous_5)","decl":{"start":{"line":418,"column":37},"end":{"line":418,"column":38}},"loc":{"start":{"line":418,"column":60},"end":{"line":435,"column":7}},"line":418},"6":{"name":"(anonymous_6)","decl":{"start":{"line":440,"column":38},"end":{"line":440,"column":39}},"loc":{"start":{"line":440,"column":62},"end":{"line":449,"column":7}},"line":440},"7":{"name":"(anonymous_7)","decl":{"start":{"line":526,"column":3},"end":{"line":526,"column":4}},"loc":{"start":{"line":526,"column":23},"end":{"line":574,"column":1}},"line":526},"8":{"name":"(anonymous_8)","decl":{"start":{"line":579,"column":28},"end":{"line":579,"column":29}},"loc":{"start":{"line":579,"column":48},"end":{"line":616,"column":1}},"line":579},"9":{"name":"(anonymous_9)","decl":{"start":{"line":629,"column":3},"end":{"line":629,"column":4}},"loc":{"start":{"line":629,"column":23},"end":{"line":670,"column":1}},"line":629},"10":{"name":"(anonymous_10)","decl":{"start":{"line":675,"column":31},"end":{"line":675,"column":32}},"loc":{"start":{"line":675,"column":51},"end":{"line":703,"column":1}},"line":675},"11":{"name":"(anonymous_11)","decl":{"start":{"line":708,"column":35},"end":{"line":708,"column":36}},"loc":{"start":{"line":708,"column":55},"end":{"line":744,"column":1}},"line":708}},"branchMap":{"0":{"loc":{"start":{"line":28,"column":4},"end":{"line":36,"column":5}},"type":"if","locations":[{"start":{"line":28,"column":4},"end":{"line":36,"column":5}},{"start":{},"end":{}}],"line":28},"1":{"loc":{"start":{"line":45,"column":6},"end":{"line":45,"column":23}},"type":"default-arg","locations":[{"start":{"line":45,"column":15},"end":{"line":45,"column":23}}],"line":45},"2":{"loc":{"start":{"line":46,"column":6},"end":{"line":46,"column":14}},"type":"default-arg","locations":[{"start":{"line":46,"column":13},"end":{"line":46,"column":14}}],"line":46},"3":{"loc":{"start":{"line":47,"column":6},"end":{"line":47,"column":16}},"type":"default-arg","locations":[{"start":{"line":47,"column":14},"end":{"line":47,"column":16}}],"line":47},"4":{"loc":{"start":{"line":53,"column":4},"end":{"line":53,"column":63}},"type":"if","locations":[{"start":{"line":53,"column":4},"end":{"line":53,"column":63}},{"start":{},"end":{}}],"line":53},"5":{"loc":{"start":{"line":53,"column":8},"end":{"line":53,"column":35}},"type":"binary-expr","locations":[{"start":{"line":53,"column":8},"end":{"line":53,"column":16}},{"start":{"line":53,"column":20},"end":{"line":53,"column":35}}],"line":53},"6":{"loc":{"start":{"line":54,"column":4},"end":{"line":54,"column":86}},"type":"if","locations":[{"start":{"line":54,"column":4},"end":{"line":54,"column":86}},{"start":{},"end":{}}],"line":54},"7":{"loc":{"start":{"line":54,"column":8},"end":{"line":54,"column":33}},"type":"binary-expr","locations":[{"start":{"line":54,"column":8},"end":{"line":54,"column":15}},{"start":{"line":54,"column":19},"end":{"line":54,"column":33}}],"line":54},"8":{"loc":{"start":{"line":55,"column":4},"end":{"line":55,"column":71}},"type":"if","locations":[{"start":{"line":55,"column":4},"end":{"line":55,"column":71}},{"start":{},"end":{}}],"line":55},"9":{"loc":{"start":{"line":55,"column":8},"end":{"line":55,"column":39}},"type":"binary-expr","locations":[{"start":{"line":55,"column":8},"end":{"line":55,"column":18}},{"start":{"line":55,"column":22},"end":{"line":55,"column":39}}],"line":55},"10":{"loc":{"start":{"line":56,"column":4},"end":{"line":62,"column":5}},"type":"if","locations":[{"start":{"line":56,"column":4},"end":{"line":62,"column":5}},{"start":{},"end":{}}],"line":56},"11":{"loc":{"start":{"line":56,"column":8},"end":{"line":56,"column":31}},"type":"binary-expr","locations":[{"start":{"line":56,"column":8},"end":{"line":56,"column":14}},{"start":{"line":56,"column":18},"end":{"line":56,"column":31}}],"line":56},"12":{"loc":{"start":{"line":63,"column":4},"end":{"line":65,"column":5}},"type":"if","locations":[{"start":{"line":63,"column":4},"end":{"line":65,"column":5}},{"start":{},"end":{}}],"line":63},"13":{"loc":{"start":{"line":63,"column":8},"end":{"line":63,"column":40}},"type":"binary-expr","locations":[{"start":{"line":63,"column":8},"end":{"line":63,"column":15}},{"start":{"line":63,"column":19},"end":{"line":63,"column":40}}],"line":63},"14":{"loc":{"start":{"line":66,"column":4},"end":{"line":68,"column":5}},"type":"if","locations":[{"start":{"line":66,"column":4},"end":{"line":68,"column":5}},{"start":{},"end":{}}],"line":66},"15":{"loc":{"start":{"line":66,"column":8},"end":{"line":66,"column":46}},"type":"binary-expr","locations":[{"start":{"line":66,"column":8},"end":{"line":66,"column":17}},{"start":{"line":66,"column":21},"end":{"line":66,"column":46}}],"line":66},"16":{"loc":{"start":{"line":72,"column":4},"end":{"line":91,"column":5}},"type":"switch","locations":[{"start":{"line":73,"column":6},"end":{"line":75,"column":14}},{"start":{"line":76,"column":6},"end":{"line":78,"column":14}},{"start":{"line":79,"column":6},"end":{"line":81,"column":14}},{"start":{"line":82,"column":6},"end":{"line":84,"column":14}},{"start":{"line":85,"column":6},"end":{"line":87,"column":14}},{"start":{"line":88,"column":6},"end":{"line":90,"column":14}}],"line":72},"17":{"loc":{"start":{"line":110,"column":6},"end":{"line":116,"column":7}},"type":"if","locations":[{"start":{"line":110,"column":6},"end":{"line":116,"column":7}},{"start":{},"end":{}}],"line":110},"18":{"loc":{"start":{"line":110,"column":10},"end":{"line":110,"column":83}},"type":"binary-expr","locations":[{"start":{"line":110,"column":10},"end":{"line":110,"column":42}},{"start":{"line":110,"column":46},"end":{"line":110,"column":83}}],"line":110},"19":{"loc":{"start":{"line":179,"column":4},"end":{"line":187,"column":5}},"type":"if","locations":[{"start":{"line":179,"column":4},"end":{"line":187,"column":5}},{"start":{},"end":{}}],"line":179},"20":{"loc":{"start":{"line":196,"column":6},"end":{"line":196,"column":23}},"type":"default-arg","locations":[{"start":{"line":196,"column":15},"end":{"line":196,"column":23}}],"line":196},"21":{"loc":{"start":{"line":197,"column":6},"end":{"line":197,"column":14}},"type":"default-arg","locations":[{"start":{"line":197,"column":13},"end":{"line":197,"column":14}}],"line":197},"22":{"loc":{"start":{"line":198,"column":6},"end":{"line":198,"column":16}},"type":"default-arg","locations":[{"start":{"line":198,"column":14},"end":{"line":198,"column":16}}],"line":198},"23":{"loc":{"start":{"line":204,"column":4},"end":{"line":204,"column":44}},"type":"if","locations":[{"start":{"line":204,"column":4},"end":{"line":204,"column":44}},{"start":{},"end":{}}],"line":204},"24":{"loc":{"start":{"line":205,"column":4},"end":{"line":205,"column":68}},"type":"if","locations":[{"start":{"line":205,"column":4},"end":{"line":205,"column":68}},{"start":{},"end":{}}],"line":205},"25":{"loc":{"start":{"line":206,"column":4},"end":{"line":206,"column":50}},"type":"if","locations":[{"start":{"line":206,"column":4},"end":{"line":206,"column":50}},{"start":{},"end":{}}],"line":206},"26":{"loc":{"start":{"line":207,"column":4},"end":{"line":213,"column":5}},"type":"if","locations":[{"start":{"line":207,"column":4},"end":{"line":213,"column":5}},{"start":{},"end":{}}],"line":207},"27":{"loc":{"start":{"line":214,"column":4},"end":{"line":216,"column":5}},"type":"if","locations":[{"start":{"line":214,"column":4},"end":{"line":216,"column":5}},{"start":{},"end":{}}],"line":214},"28":{"loc":{"start":{"line":217,"column":4},"end":{"line":219,"column":5}},"type":"if","locations":[{"start":{"line":217,"column":4},"end":{"line":219,"column":5}},{"start":{},"end":{}}],"line":217},"29":{"loc":{"start":{"line":223,"column":4},"end":{"line":242,"column":5}},"type":"switch","locations":[{"start":{"line":224,"column":6},"end":{"line":226,"column":14}},{"start":{"line":227,"column":6},"end":{"line":229,"column":14}},{"start":{"line":230,"column":6},"end":{"line":232,"column":14}},{"start":{"line":233,"column":6},"end":{"line":235,"column":14}},{"start":{"line":236,"column":6},"end":{"line":238,"column":14}},{"start":{"line":239,"column":6},"end":{"line":241,"column":14}}],"line":223},"30":{"loc":{"start":{"line":287,"column":4},"end":{"line":292,"column":5}},"type":"if","locations":[{"start":{"line":287,"column":4},"end":{"line":292,"column":5}},{"start":{},"end":{}}],"line":287},"31":{"loc":{"start":{"line":294,"column":4},"end":{"line":299,"column":5}},"type":"if","locations":[{"start":{"line":294,"column":4},"end":{"line":299,"column":5}},{"start":{},"end":{}}],"line":294},"32":{"loc":{"start":{"line":294,"column":8},"end":{"line":294,"column":99}},"type":"binary-expr","locations":[{"start":{"line":294,"column":8},"end":{"line":294,"column":24}},{"start":{"line":294,"column":29},"end":{"line":294,"column":38}},{"start":{"line":294,"column":42},"end":{"line":294,"column":98}}],"line":294},"33":{"loc":{"start":{"line":321,"column":4},"end":{"line":333,"column":5}},"type":"if","locations":[{"start":{"line":321,"column":4},"end":{"line":333,"column":5}},{"start":{"line":331,"column":11},"end":{"line":333,"column":5}}],"line":321},"34":{"loc":{"start":{"line":336,"column":4},"end":{"line":338,"column":5}},"type":"if","locations":[{"start":{"line":336,"column":4},"end":{"line":338,"column":5}},{"start":{},"end":{}}],"line":336},"35":{"loc":{"start":{"line":343,"column":4},"end":{"line":350,"column":5}},"type":"if","locations":[{"start":{"line":343,"column":4},"end":{"line":350,"column":5}},{"start":{},"end":{}}],"line":343},"36":{"loc":{"start":{"line":343,"column":8},"end":{"line":343,"column":65}},"type":"binary-expr","locations":[{"start":{"line":343,"column":8},"end":{"line":343,"column":25}},{"start":{"line":343,"column":29},"end":{"line":343,"column":65}}],"line":343},"37":{"loc":{"start":{"line":352,"column":4},"end":{"line":359,"column":5}},"type":"if","locations":[{"start":{"line":352,"column":4},"end":{"line":359,"column":5}},{"start":{},"end":{}}],"line":352},"38":{"loc":{"start":{"line":352,"column":8},"end":{"line":352,"column":77}},"type":"binary-expr","locations":[{"start":{"line":352,"column":8},"end":{"line":352,"column":31}},{"start":{"line":352,"column":35},"end":{"line":352,"column":77}}],"line":352},"39":{"loc":{"start":{"line":361,"column":4},"end":{"line":368,"column":5}},"type":"if","locations":[{"start":{"line":361,"column":4},"end":{"line":368,"column":5}},{"start":{},"end":{}}],"line":361},"40":{"loc":{"start":{"line":361,"column":8},"end":{"line":361,"column":95}},"type":"binary-expr","locations":[{"start":{"line":361,"column":8},"end":{"line":361,"column":28}},{"start":{"line":361,"column":32},"end":{"line":361,"column":58}},{"start":{"line":361,"column":62},"end":{"line":361,"column":95}}],"line":361},"41":{"loc":{"start":{"line":370,"column":4},"end":{"line":377,"column":5}},"type":"if","locations":[{"start":{"line":370,"column":4},"end":{"line":377,"column":5}},{"start":{},"end":{}}],"line":370},"42":{"loc":{"start":{"line":370,"column":8},"end":{"line":370,"column":95}},"type":"binary-expr","locations":[{"start":{"line":370,"column":8},"end":{"line":370,"column":28}},{"start":{"line":370,"column":32},"end":{"line":370,"column":58}},{"start":{"line":370,"column":62},"end":{"line":370,"column":95}}],"line":370},"43":{"loc":{"start":{"line":379,"column":4},"end":{"line":386,"column":5}},"type":"if","locations":[{"start":{"line":379,"column":4},"end":{"line":386,"column":5}},{"start":{},"end":{}}],"line":379},"44":{"loc":{"start":{"line":379,"column":8},"end":{"line":379,"column":95}},"type":"binary-expr","locations":[{"start":{"line":379,"column":8},"end":{"line":379,"column":28}},{"start":{"line":379,"column":32},"end":{"line":379,"column":58}},{"start":{"line":379,"column":62},"end":{"line":379,"column":95}}],"line":379},"45":{"loc":{"start":{"line":388,"column":4},"end":{"line":395,"column":5}},"type":"if","locations":[{"start":{"line":388,"column":4},"end":{"line":395,"column":5}},{"start":{},"end":{}}],"line":388},"46":{"loc":{"start":{"line":388,"column":8},"end":{"line":388,"column":93}},"type":"binary-expr","locations":[{"start":{"line":388,"column":8},"end":{"line":388,"column":30}},{"start":{"line":388,"column":34},"end":{"line":388,"column":93}}],"line":388},"47":{"loc":{"start":{"line":398,"column":4},"end":{"line":405,"column":5}},"type":"if","locations":[{"start":{"line":398,"column":4},"end":{"line":405,"column":5}},{"start":{},"end":{}}],"line":398},"48":{"loc":{"start":{"line":398,"column":8},"end":{"line":398,"column":68}},"type":"binary-expr","locations":[{"start":{"line":398,"column":8},"end":{"line":398,"column":26}},{"start":{"line":398,"column":30},"end":{"line":398,"column":68}}],"line":398},"49":{"loc":{"start":{"line":407,"column":4},"end":{"line":414,"column":5}},"type":"if","locations":[{"start":{"line":407,"column":4},"end":{"line":414,"column":5}},{"start":{},"end":{}}],"line":407},"50":{"loc":{"start":{"line":407,"column":8},"end":{"line":407,"column":175}},"type":"binary-expr","locations":[{"start":{"line":407,"column":8},"end":{"line":407,"column":28}},{"start":{"line":407,"column":32},"end":{"line":407,"column":175}}],"line":407},"51":{"loc":{"start":{"line":417,"column":4},"end":{"line":436,"column":5}},"type":"if","locations":[{"start":{"line":417,"column":4},"end":{"line":436,"column":5}},{"start":{},"end":{}}],"line":417},"52":{"loc":{"start":{"line":417,"column":8},"end":{"line":417,"column":71}},"type":"binary-expr","locations":[{"start":{"line":417,"column":8},"end":{"line":417,"column":30}},{"start":{"line":417,"column":34},"end":{"line":417,"column":71}}],"line":417},"53":{"loc":{"start":{"line":419,"column":8},"end":{"line":426,"column":9}},"type":"if","locations":[{"start":{"line":419,"column":8},"end":{"line":426,"column":9}},{"start":{},"end":{}}],"line":419},"54":{"loc":{"start":{"line":419,"column":12},"end":{"line":419,"column":66}},"type":"binary-expr","locations":[{"start":{"line":419,"column":12},"end":{"line":419,"column":27}},{"start":{"line":419,"column":31},"end":{"line":419,"column":66}}],"line":419},"55":{"loc":{"start":{"line":427,"column":8},"end":{"line":434,"column":9}},"type":"if","locations":[{"start":{"line":427,"column":8},"end":{"line":434,"column":9}},{"start":{},"end":{}}],"line":427},"56":{"loc":{"start":{"line":427,"column":12},"end":{"line":427,"column":70}},"type":"binary-expr","locations":[{"start":{"line":427,"column":12},"end":{"line":427,"column":29}},{"start":{"line":427,"column":33},"end":{"line":427,"column":70}}],"line":427},"57":{"loc":{"start":{"line":439,"column":4},"end":{"line":450,"column":5}},"type":"if","locations":[{"start":{"line":439,"column":4},"end":{"line":450,"column":5}},{"start":{},"end":{}}],"line":439},"58":{"loc":{"start":{"line":439,"column":8},"end":{"line":439,"column":73}},"type":"binary-expr","locations":[{"start":{"line":439,"column":8},"end":{"line":439,"column":31}},{"start":{"line":439,"column":35},"end":{"line":439,"column":73}}],"line":439},"59":{"loc":{"start":{"line":441,"column":8},"end":{"line":448,"column":9}},"type":"if","locations":[{"start":{"line":441,"column":8},"end":{"line":448,"column":9}},{"start":{},"end":{}}],"line":441},"60":{"loc":{"start":{"line":441,"column":12},"end":{"line":441,"column":82}},"type":"binary-expr","locations":[{"start":{"line":441,"column":12},"end":{"line":441,"column":35}},{"start":{"line":441,"column":39},"end":{"line":441,"column":82}}],"line":441},"61":{"loc":{"start":{"line":452,"column":4},"end":{"line":461,"column":5}},"type":"if","locations":[{"start":{"line":452,"column":4},"end":{"line":461,"column":5}},{"start":{},"end":{}}],"line":452},"62":{"loc":{"start":{"line":529,"column":4},"end":{"line":537,"column":5}},"type":"if","locations":[{"start":{"line":529,"column":4},"end":{"line":537,"column":5}},{"start":{},"end":{}}],"line":529},"63":{"loc":{"start":{"line":541,"column":4},"end":{"line":546,"column":5}},"type":"if","locations":[{"start":{"line":541,"column":4},"end":{"line":546,"column":5}},{"start":{},"end":{}}],"line":541},"64":{"loc":{"start":{"line":549,"column":4},"end":{"line":554,"column":5}},"type":"if","locations":[{"start":{"line":549,"column":4},"end":{"line":554,"column":5}},{"start":{},"end":{}}],"line":549},"65":{"loc":{"start":{"line":549,"column":8},"end":{"line":549,"column":81}},"type":"binary-expr","locations":[{"start":{"line":549,"column":8},"end":{"line":549,"column":60}},{"start":{"line":549,"column":64},"end":{"line":549,"column":81}}],"line":549},"66":{"loc":{"start":{"line":583,"column":4},"end":{"line":588,"column":5}},"type":"if","locations":[{"start":{"line":583,"column":4},"end":{"line":588,"column":5}},{"start":{},"end":{}}],"line":583},"67":{"loc":{"start":{"line":591,"column":4},"end":{"line":596,"column":5}},"type":"if","locations":[{"start":{"line":591,"column":4},"end":{"line":596,"column":5}},{"start":{},"end":{}}],"line":591},"68":{"loc":{"start":{"line":591,"column":8},"end":{"line":591,"column":81}},"type":"binary-expr","locations":[{"start":{"line":591,"column":8},"end":{"line":591,"column":60}},{"start":{"line":591,"column":64},"end":{"line":591,"column":81}}],"line":591},"69":{"loc":{"start":{"line":632,"column":4},"end":{"line":640,"column":5}},"type":"if","locations":[{"start":{"line":632,"column":4},"end":{"line":640,"column":5}},{"start":{},"end":{}}],"line":632},"70":{"loc":{"start":{"line":645,"column":4},"end":{"line":650,"column":5}},"type":"if","locations":[{"start":{"line":645,"column":4},"end":{"line":650,"column":5}},{"start":{},"end":{}}],"line":645},"71":{"loc":{"start":{"line":679,"column":4},"end":{"line":684,"column":5}},"type":"if","locations":[{"start":{"line":679,"column":4},"end":{"line":684,"column":5}},{"start":{},"end":{}}],"line":679},"72":{"loc":{"start":{"line":712,"column":4},"end":{"line":717,"column":5}},"type":"if","locations":[{"start":{"line":712,"column":4},"end":{"line":717,"column":5}},{"start":{},"end":{}}],"line":712},"73":{"loc":{"start":{"line":722,"column":4},"end":{"line":730,"column":5}},"type":"if","locations":[{"start":{"line":722,"column":4},"end":{"line":730,"column":5}},{"start":{"line":726,"column":11},"end":{"line":730,"column":5}}],"line":722},"74":{"loc":{"start":{"line":734,"column":15},"end":{"line":734,"column":89}},"type":"cond-expr","locations":[{"start":{"line":734,"column":28},"end":{"line":734,"column":59}},{"start":{"line":734,"column":62},"end":{"line":734,"column":89}}],"line":734}},"s":{"0":3,"1":3,"2":3,"3":3,"4":3,"5":3,"6":3,"7":3,"8":0,"9":0,"10":0,"11":0,"12":0,"13":0,"14":0,"15":0,"16":0,"17":0,"18":0,"19":0,"20":0,"21":0,"22":0,"23":0,"24":0,"25":0,"26":0,"27":0,"28":0,"29":0,"30":0,"31":0,"32":0,"33":0,"34":0,"35":0,"36":0,"37":0,"38":0,"39":0,"40":0,"41":0,"42":0,"43":0,"44":0,"45":0,"46":0,"47":0,"48":0,"49":0,"50":0,"51":0,"52":0,"53":3,"54":0,"55":0,"56":0,"57":0,"58":0,"59":3,"60":0,"61":0,"62":0,"63":0,"64":0,"65":0,"66":0,"67":0,"68":0,"69":0,"70":0,"71":0,"72":0,"73":0,"74":0,"75":0,"76":0,"77":0,"78":0,"79":0,"80":0,"81":0,"82":0,"83":0,"84":0,"85":0,"86":0,"87":0,"88":0,"89":0,"90":0,"91":0,"92":0,"93":0,"94":0,"95":0,"96":0,"97":0,"98":0,"99":0,"100":3,"101":0,"102":0,"103":0,"104":0,"105":0,"106":0,"107":0,"108":0,"109":0,"110":3,"111":0,"112":0,"113":0,"114":0,"115":0,"116":0,"117":0,"118":0,"119":0,"120":0,"121":0,"122":0,"123":0,"124":0,"125":0,"126":0,"127":0,"128":0,"129":0,"130":0,"131":0,"132":0,"133":0,"134":0,"135":0,"136":0,"137":0,"138":0,"139":0,"140":0,"141":0,"142":0,"143":0,"144":0,"145":0,"146":0,"147":0,"148":0,"149":0,"150":0,"151":0,"152":0,"153":0,"154":0,"155":0,"156":0,"157":0,"158":0,"159":0,"160":3,"161":0,"162":0,"163":0,"164":0,"165":0,"166":0,"167":0,"168":0,"169":0,"170":0,"171":0,"172":0,"173":0,"174":0,"175":0,"176":3,"177":0,"178":0,"179":0,"180":0,"181":0,"182":0,"183":0,"184":0,"185":0,"186":0,"187":0,"188":3,"189":0,"190":0,"191":0,"192":0,"193":0,"194":0,"195":0,"196":0,"197":0,"198":0,"199":0,"200":0,"201":0,"202":0,"203":0,"204":3,"205":0,"206":0,"207":0,"208":0,"209":0,"210":0,"211":0,"212":0,"213":0,"214":3,"215":0,"216":0,"217":0,"218":0,"219":0,"220":0,"221":0,"222":0,"223":0,"224":0,"225":0,"226":0,"227":3},"f":{"0":0,"1":0,"2":0,"3":0,"4":0,"5":0,"6":0,"7":0,"8":0,"9":0,"10":0,"11":0},"b":{"0":[0,0],"1":[0],"2":[0],"3":[0],"4":[0,0],"5":[0,0],"6":[0,0],"7":[0,0],"8":[0,0],"9":[0,0],"10":[0,0],"11":[0,0],"12":[0,0],"13":[0,0],"14":[0,0],"15":[0,0],"16":[0,0,0,0,0,0],"17":[0,0],"18":[0,0],"19":[0,0],"20":[0],"21":[0],"22":[0],"23":[0,0],"24":[0,0],"25":[0,0],"26":[0,0],"27":[0,0],"28":[0,0],"29":[0,0,0,0,0,0],"30":[0,0],"31":[0,0],"32":[0,0,0],"33":[0,0],"34":[0,0],"35":[0,0],"36":[0,0],"37":[0,0],"38":[0,0],"39":[0,0],"40":[0,0,0],"41":[0,0],"42":[0,0,0],"43":[0,0],"44":[0,0,0],"45":[0,0],"46":[0,0],"47":[0,0],"48":[0,0],"49":[0,0],"50":[0,0],"51":[0,0],"52":[0,0],"53":[0,0],"54":[0,0],"55":[0,0],"56":[0,0],"57":[0,0],"58":[0,0],"59":[0,0],"60":[0,0],"61":[0,0],"62":[0,0],"63":[0,0],"64":[0,0],"65":[0,0],"66":[0,0],"67":[0,0],"68":[0,0],"69":[0,0],"70":[0,0],"71":[0,0],"72":[0,0],"73":[0,0],"74":[0,0]},"_coverageSchema":"1a1c01bbd47fc00a2c39e90264f33305004495a9","hash":"8d632e58fedb65a8017ab14be1c5513d41bed336"}
,"C:\\Users\\Francis\\OneDrive\\Documents\\week-8-capstone_-sawe-blip\\server\\src\\routes\\users.js": {"path":"C:\\Users\\Francis\\OneDrive\\Documents\\week-8-capstone_-sawe-blip\\server\\src\\routes\\users.js","statementMap":{"0":{"start":{"line":3,"column":16},"end":{"line":3,"column":34}},"1":{"start":{"line":4,"column":35},"end":{"line":4,"column":63}},"2":{"start":{"line":5,"column":13},"end":{"line":5,"column":38}},"3":{"start":{"line":6,"column":15},"end":{"line":6,"column":42}},"4":{"start":{"line":7,"column":28},"end":{"line":7,"column":57}},"5":{"start":{"line":9,"column":15},"end":{"line":9,"column":31}},"6":{"start":{"line":14,"column":0},"end":{"line":39,"column":3}},"7":{"start":{"line":15,"column":2},"end":{"line":38,"column":3}},"8":{"start":{"line":16,"column":17},"end":{"line":19,"column":86}},"9":{"start":{"line":21,"column":4},"end":{"line":26,"column":5}},"10":{"start":{"line":22,"column":6},"end":{"line":25,"column":9}},"11":{"start":{"line":28,"column":4},"end":{"line":31,"column":7}},"12":{"start":{"line":33,"column":4},"end":{"line":33,"column":52}},"13":{"start":{"line":34,"column":4},"end":{"line":37,"column":7}},"14":{"start":{"line":44,"column":0},"end":{"line":61,"column":3}},"15":{"start":{"line":45,"column":2},"end":{"line":60,"column":3}},"16":{"start":{"line":46,"column":20},"end":{"line":48,"column":30}},"17":{"start":{"line":50,"column":4},"end":{"line":53,"column":7}},"18":{"start":{"line":55,"column":4},"end":{"line":55,"column":50}},"19":{"start":{"line":56,"column":4},"end":{"line":59,"column":7}},"20":{"start":{"line":66,"column":0},"end":{"line":88,"column":3}},"21":{"start":{"line":67,"column":2},"end":{"line":87,"column":3}},"22":{"start":{"line":68,"column":17},"end":{"line":75,"column":8}},"23":{"start":{"line":77,"column":4},"end":{"line":80,"column":7}},"24":{"start":{"line":82,"column":4},"end":{"line":82,"column":49}},"25":{"start":{"line":83,"column":4},"end":{"line":86,"column":7}},"26":{"start":{"line":93,"column":0},"end":{"line":130,"column":3}},"27":{"start":{"line":99,"column":2},"end":{"line":129,"column":3}},"28":{"start":{"line":100,"column":22},"end":{"line":100,"column":31}},"29":{"start":{"line":102,"column":4},"end":{"line":107,"column":5}},"30":{"start":{"line":103,"column":6},"end":{"line":106,"column":9}},"31":{"start":{"line":109,"column":18},"end":{"line":117,"column":14}},"32":{"start":{"line":119,"column":4},"end":{"line":122,"column":7}},"33":{"start":{"line":124,"column":4},"end":{"line":124,"column":48}},"34":{"start":{"line":125,"column":4},"end":{"line":128,"column":7}},"35":{"start":{"line":135,"column":0},"end":{"line":185,"column":3}},"36":{"start":{"line":136,"column":2},"end":{"line":184,"column":3}},"37":{"start":{"line":137,"column":21},"end":{"line":172,"column":6}},"38":{"start":{"line":174,"column":4},"end":{"line":177,"column":7}},"39":{"start":{"line":179,"column":4},"end":{"line":179,"column":49}},"40":{"start":{"line":180,"column":4},"end":{"line":183,"column":7}},"41":{"start":{"line":187,"column":0},"end":{"line":187,"column":24}}},"fnMap":{"0":{"name":"(anonymous_0)","decl":{"start":{"line":14,"column":33},"end":{"line":14,"column":34}},"loc":{"start":{"line":14,"column":53},"end":{"line":39,"column":1}},"line":14},"1":{"name":"(anonymous_1)","decl":{"start":{"line":44,"column":32},"end":{"line":44,"column":33}},"loc":{"start":{"line":44,"column":52},"end":{"line":61,"column":1}},"line":44},"2":{"name":"(anonymous_2)","decl":{"start":{"line":66,"column":31},"end":{"line":66,"column":32}},"loc":{"start":{"line":66,"column":51},"end":{"line":88,"column":1}},"line":66},"3":{"name":"(anonymous_3)","decl":{"start":{"line":98,"column":3},"end":{"line":98,"column":4}},"loc":{"start":{"line":98,"column":23},"end":{"line":130,"column":1}},"line":98},"4":{"name":"(anonymous_4)","decl":{"start":{"line":135,"column":25},"end":{"line":135,"column":26}},"loc":{"start":{"line":135,"column":45},"end":{"line":185,"column":1}},"line":135}},"branchMap":{"0":{"loc":{"start":{"line":21,"column":4},"end":{"line":26,"column":5}},"type":"if","locations":[{"start":{"line":21,"column":4},"end":{"line":26,"column":5}},{"start":{},"end":{}}],"line":21},"1":{"loc":{"start":{"line":102,"column":4},"end":{"line":107,"column":5}},"type":"if","locations":[{"start":{"line":102,"column":4},"end":{"line":107,"column":5}},{"start":{},"end":{}}],"line":102}},"s":{"0":3,"1":3,"2":3,"3":3,"4":3,"5":3,"6":3,"7":0,"8":0,"9":0,"10":0,"11":0,"12":0,"13":0,"14":3,"15":0,"16":0,"17":0,"18":0,"19":0,"20":3,"21":0,"22":0,"23":0,"24":0,"25":0,"26":3,"27":0,"28":0,"29":0,"30":0,"31":0,"32":0,"33":0,"34":0,"35":3,"36":0,"37":0,"38":0,"39":0,"40":0,"41":3},"f":{"0":0,"1":0,"2":0,"3":0,"4":0},"b":{"0":[0,0],"1":[0,0]},"_coverageSchema":"1a1c01bbd47fc00a2c39e90264f33305004495a9","hash":"ad57defffd008fbacacb12d44198022bb527a040"}
}
