TN:
SF:src\middleware\auth.js
FN:4,(anonymous_0)
FN:32,(anonymous_1)
FN:34,(anonymous_2)
FNF:3
FNH:0
FNDA:0,(anonymous_0)
FNDA:0,(anonymous_1)
FNDA:0,(anonymous_2)
DA:1,1
DA:2,1
DA:4,1
DA:5,0
DA:6,0
DA:8,0
DA:9,0
DA:12,0
DA:13,0
DA:15,0
DA:16,0
DA:19,0
DA:20,0
DA:22,0
DA:23,0
DA:25,0
DA:26,0
DA:28,0
DA:32,1
DA:33,0
DA:34,0
DA:35,0
DA:36,0
DA:38,0
DA:41,0
DA:45,1
LF:26
LH:5
BRDA:8,0,0,0
BRDA:8,0,1,0
BRDA:12,1,0,0
BRDA:12,1,1,0
BRDA:15,2,0,0
BRDA:15,2,1,0
BRDA:22,3,0,0
BRDA:22,3,1,0
BRDA:25,4,0,0
BRDA:25,4,1,0
BRDA:35,5,0,0
BRDA:35,5,1,0
BRF:12
BRH:0
end_of_record
TN:
SF:src\middleware\errorHandler.js
FN:2,(anonymous_0)
FN:24,(anonymous_1)
FNF:2
FNH:0
FNDA:0,(anonymous_0)
FNDA:0,(anonymous_1)
DA:2,1
DA:3,0
DA:4,0
DA:7,0
DA:10,0
DA:11,0
DA:12,0
DA:16,0
DA:17,0
DA:18,0
DA:19,0
DA:23,0
DA:24,0
DA:25,0
DA:29,0
DA:30,0
DA:31,0
DA:34,0
DA:35,0
DA:36,0
DA:39,0
DA:46,1
LF:22
LH:2
BRDA:10,0,0,0
BRDA:10,0,1,0
BRDA:16,1,0,0
BRDA:16,1,1,0
BRDA:23,2,0,0
BRDA:23,2,1,0
BRDA:29,3,0,0
BRDA:29,3,1,0
BRDA:34,4,0,0
BRDA:34,4,1,0
BRDA:39,5,0,0
BRDA:39,5,1,0
BRDA:41,6,0,0
BRDA:41,6,1,0
BRDA:42,7,0,0
BRDA:42,7,1,0
BRF:16
BRH:0
end_of_record
TN:
SF:src\middleware\upload.js
FN:12,(anonymous_0)
FN:15,(anonymous_1)
FN:26,(anonymous_2)
FNF:3
FNH:0
FNDA:0,(anonymous_0)
FNDA:0,(anonymous_1)
FNDA:0,(anonymous_2)
DA:1,1
DA:2,1
DA:3,1
DA:6,1
DA:7,0
DA:11,1
DA:13,0
DA:16,0
DA:17,0
DA:21,1
DA:27,0
DA:28,0
DA:30,0
DA:35,1
LF:14
LH:7
BRDA:6,0,0,0
BRDA:6,0,1,1
BRDA:27,1,0,0
BRDA:27,1,1,0
BRF:4
BRH:1
end_of_record
TN:
SF:src\models\Recipe.js
FN:153,(anonymous_0)
FN:155,(anonymous_1)
FN:166,(anonymous_2)
FN:171,(anonymous_3)
FN:173,(anonymous_4)
FN:186,(anonymous_5)
FN:199,(anonymous_6)
FNF:7
FNH:0
FNDA:0,(anonymous_0)
FNDA:0,(anonymous_1)
FNDA:0,(anonymous_2)
FNDA:0,(anonymous_3)
FNDA:0,(anonymous_4)
FNDA:0,(anonymous_5)
FNDA:0,(anonymous_6)
DA:2,1
DA:4,1
DA:22,1
DA:34,1
DA:55,1
DA:145,1
DA:153,1
DA:154,0
DA:155,0
DA:156,0
DA:157,0
DA:159,0
DA:160,0
DA:162,0
DA:166,1
DA:167,0
DA:171,1
DA:173,0
DA:176,0
DA:182,0
DA:186,1
DA:187,0
DA:189,0
DA:190,0
DA:192,0
DA:195,0
DA:199,1
DA:200,0
DA:202,0
DA:203,0
DA:204,0
DA:205,0
DA:206,0
DA:208,0
DA:209,0
DA:212,0
DA:217,1
LF:37
LH:12
BRDA:154,0,0,0
BRDA:154,0,1,0
BRDA:154,1,0,0
BRDA:154,1,1,0
BRDA:189,2,0,0
BRDA:189,2,1,0
BRDA:199,3,0,0
BRDA:202,4,0,0
BRDA:202,4,1,0
BRDA:203,5,0,0
BRDA:203,5,1,0
BRDA:204,6,0,0
BRDA:204,6,1,0
BRDA:205,7,0,0
BRDA:205,7,1,0
BRDA:208,8,0,0
BRDA:208,8,1,0
BRDA:214,9,0,0
BRDA:214,9,1,0
BRF:19
BRH:0
end_of_record
TN:
SF:src\models\User.js
FN:73,(anonymous_0)
FN:95,(anonymous_1)
FN:100,(anonymous_2)
FNF:3
FNH:0
FNDA:0,(anonymous_0)
FNDA:0,(anonymous_1)
FNDA:0,(anonymous_2)
DA:2,1
DA:3,1
DA:5,1
DA:73,1
DA:74,0
DA:75,0
DA:77,0
DA:78,0
DA:79,0
DA:82,0
DA:83,0
DA:84,0
DA:85,0
DA:86,0
DA:87,0
DA:89,0
DA:90,0
DA:95,1
DA:96,0
DA:100,1
DA:101,0
DA:102,0
DA:103,0
DA:106,1
LF:24
LH:7
BRDA:77,0,0,0
BRDA:77,0,1,0
BRF:2
BRH:0
end_of_record
TN:
SF:src\routes\auth.js
FN:11,(anonymous_0)
FN:40,(anonymous_1)
FN:130,(anonymous_2)
FN:188,(anonymous_3)
FN:224,(anonymous_4)
FN:274,(anonymous_5)
FNF:6
FNH:0
FNDA:0,(anonymous_0)
FNDA:0,(anonymous_1)
FNDA:0,(anonymous_2)
FNDA:0,(anonymous_3)
FNDA:0,(anonymous_4)
FNDA:0,(anonymous_5)
DA:2,1
DA:3,1
DA:4,1
DA:5,1
DA:6,1
DA:8,1
DA:11,1
DA:12,0
DA:22,1
DA:41,0
DA:43,0
DA:44,0
DA:45,0
DA:52,0
DA:55,0
DA:59,0
DA:60,0
DA:67,0
DA:75,0
DA:76,0
DA:84,0
DA:85,0
DA:86,0
DA:87,0
DA:88,0
DA:91,0
DA:92,0
DA:93,0
DA:95,0
DA:98,0
DA:99,0
DA:103,0
DA:105,0
DA:112,0
DA:113,0
DA:123,1
DA:131,0
DA:133,0
DA:134,0
DA:135,0
DA:142,0
DA:145,0
DA:146,0
DA:147,0
DA:148,0
DA:154,0
DA:157,0
DA:158,0
DA:160,0
DA:161,0
DA:168,0
DA:170,0
DA:177,0
DA:178,0
DA:188,1
DA:189,0
DA:190,0
DA:195,0
DA:200,0
DA:201,0
DA:211,1
DA:225,0
DA:227,0
DA:228,0
DA:229,0
DA:236,0
DA:237,0
DA:239,0
DA:240,0
DA:241,0
DA:242,0
DA:244,0
DA:250,0
DA:256,0
DA:257,0
DA:267,1
DA:275,0
DA:277,0
DA:278,0
DA:279,0
DA:286,0
DA:289,0
DA:292,0
DA:293,0
DA:294,0
DA:301,0
DA:302,0
DA:304,0
DA:309,0
DA:310,0
DA:317,1
LF:91
LH:13
BRDA:14,0,0,0
BRDA:14,0,1,0
BRDA:44,1,0,0
BRDA:44,1,1,0
BRDA:59,2,0,0
BRDA:59,2,1,0
BRDA:92,3,0,0
BRDA:92,3,1,0
BRDA:134,4,0,0
BRDA:134,4,1,0
BRDA:146,5,0,0
BRDA:146,5,1,0
BRDA:160,6,0,0
BRDA:160,6,1,0
BRDA:228,7,0,0
BRDA:228,7,1,0
BRDA:239,8,0,0
BRDA:239,8,1,0
BRDA:240,9,0,0
BRDA:240,9,1,0
BRDA:241,10,0,0
BRDA:241,10,1,0
BRDA:242,11,0,0
BRDA:242,11,1,0
BRDA:278,12,0,0
BRDA:278,12,1,0
BRDA:293,13,0,0
BRDA:293,13,1,0
BRF:28
BRH:0
end_of_record
TN:
SF:src\routes\recipes.js
FN:25,(anonymous_0)
FN:143,(anonymous_1)
FN:176,(anonymous_2)
FN:281,(anonymous_3)
FN:317,(anonymous_4)
FN:418,(anonymous_5)
FN:440,(anonymous_6)
FN:526,(anonymous_7)
FN:579,(anonymous_8)
FN:629,(anonymous_9)
FN:675,(anonymous_10)
FN:708,(anonymous_11)
FNF:12
FNH:0
FNDA:0,(anonymous_0)
FNDA:0,(anonymous_1)
FNDA:0,(anonymous_2)
FNDA:0,(anonymous_3)
FNDA:0,(anonymous_4)
FNDA:0,(anonymous_5)
FNDA:0,(anonymous_6)
FNDA:0,(anonymous_7)
FNDA:0,(anonymous_8)
FNDA:0,(anonymous_9)
FNDA:0,(anonymous_10)
FNDA:0,(anonymous_11)
DA:3,1
DA:4,1
DA:5,1
DA:6,1
DA:7,1
DA:8,1
DA:10,1
DA:15,1
DA:26,0
DA:27,0
DA:28,0
DA:29,0
DA:30,0
DA:31,0
DA:48,0
DA:51,0
DA:53,0
DA:54,0
DA:55,0
DA:56,0
DA:57,0
DA:63,0
DA:64,0
DA:66,0
DA:67,0
DA:71,0
DA:72,0
DA:74,0
DA:75,0
DA:77,0
DA:78,0
DA:80,0
DA:81,0
DA:83,0
DA:84,0
DA:86,0
DA:87,0
DA:89,0
DA:90,0
DA:94,0
DA:98,0
DA:99,0
DA:107,0
DA:109,0
DA:110,0
DA:111,0
DA:117,0
DA:120,0
DA:132,0
DA:133,0
DA:143,1
DA:144,0
DA:145,0
DA:150,0
DA:155,0
DA:156,0
DA:166,1
DA:177,0
DA:178,0
DA:179,0
DA:180,0
DA:181,0
DA:182,0
DA:199,0
DA:202,0
DA:204,0
DA:205,0
DA:206,0
DA:207,0
DA:208,0
DA:214,0
DA:215,0
DA:217,0
DA:218,0
DA:222,0
DA:223,0
DA:225,0
DA:226,0
DA:228,0
DA:229,0
DA:231,0
DA:232,0
DA:234,0
DA:235,0
DA:237,0
DA:238,0
DA:240,0
DA:241,0
DA:245,0
DA:248,0
DA:255,0
DA:257,0
DA:270,0
DA:271,0
DA:281,1
DA:282,0
DA:283,0
DA:287,0
DA:288,0
DA:294,0
DA:295,0
DA:301,0
DA:306,0
DA:307,0
DA:317,1
DA:318,0
DA:321,0
DA:322,0
DA:323,0
DA:325,0
DA:326,0
DA:332,0
DA:336,0
DA:337,0
DA:341,0
DA:343,0
DA:344,0
DA:352,0
DA:353,0
DA:361,0
DA:362,0
DA:370,0
DA:371,0
DA:379,0
DA:380,0
DA:388,0
DA:389,0
DA:398,0
DA:399,0
DA:407,0
DA:408,0
DA:417,0
DA:418,0
DA:419,0
DA:420,0
DA:427,0
DA:428,0
DA:439,0
DA:440,0
DA:441,0
DA:442,0
DA:452,0
DA:453,0
DA:454,0
DA:455,0
DA:456,0
DA:463,0
DA:465,0
DA:466,0
DA:469,0
DA:473,0
DA:476,0
DA:482,0
DA:483,0
DA:493,1
DA:527,0
DA:528,0
DA:529,0
DA:530,0
DA:531,0
DA:532,0
DA:539,0
DA:541,0
DA:542,0
DA:549,0
DA:550,0
DA:556,0
DA:562,0
DA:568,0
DA:569,0
DA:579,1
DA:580,0
DA:581,0
DA:583,0
DA:584,0
DA:591,0
DA:592,0
DA:598,0
DA:601,0
DA:605,0
DA:610,0
DA:611,0
DA:621,1
DA:630,0
DA:631,0
DA:632,0
DA:633,0
DA:634,0
DA:635,0
DA:642,0
DA:643,0
DA:645,0
DA:646,0
DA:652,0
DA:654,0
DA:658,0
DA:664,0
DA:665,0
DA:675,1
DA:676,0
DA:677,0
DA:679,0
DA:680,0
DA:686,0
DA:688,0
DA:691,0
DA:697,0
DA:698,0
DA:708,1
DA:709,0
DA:710,0
DA:712,0
DA:713,0
DA:719,0
DA:720,0
DA:722,0
DA:723,0
DA:727,0
DA:732,0
DA:738,0
DA:739,0
DA:746,1
LF:222
LH:18
BRDA:28,0,0,0
BRDA:28,0,1,0
BRDA:45,1,0,0
BRDA:46,2,0,0
BRDA:47,3,0,0
BRDA:53,4,0,0
BRDA:53,4,1,0
BRDA:53,5,0,0
BRDA:53,5,1,0
BRDA:54,6,0,0
BRDA:54,6,1,0
BRDA:54,7,0,0
BRDA:54,7,1,0
BRDA:55,8,0,0
BRDA:55,8,1,0
BRDA:55,9,0,0
BRDA:55,9,1,0
BRDA:56,10,0,0
BRDA:56,10,1,0
BRDA:56,11,0,0
BRDA:56,11,1,0
BRDA:63,12,0,0
BRDA:63,12,1,0
BRDA:63,13,0,0
BRDA:63,13,1,0
BRDA:66,14,0,0
BRDA:66,14,1,0
BRDA:66,15,0,0
BRDA:66,15,1,0
BRDA:72,16,0,0
BRDA:72,16,1,0
BRDA:72,16,2,0
BRDA:72,16,3,0
BRDA:72,16,4,0
BRDA:72,16,5,0
BRDA:110,17,0,0
BRDA:110,17,1,0
BRDA:110,18,0,0
BRDA:110,18,1,0
BRDA:179,19,0,0
BRDA:179,19,1,0
BRDA:196,20,0,0
BRDA:197,21,0,0
BRDA:198,22,0,0
BRDA:204,23,0,0
BRDA:204,23,1,0
BRDA:205,24,0,0
BRDA:205,24,1,0
BRDA:206,25,0,0
BRDA:206,25,1,0
BRDA:207,26,0,0
BRDA:207,26,1,0
BRDA:214,27,0,0
BRDA:214,27,1,0
BRDA:217,28,0,0
BRDA:217,28,1,0
BRDA:223,29,0,0
BRDA:223,29,1,0
BRDA:223,29,2,0
BRDA:223,29,3,0
BRDA:223,29,4,0
BRDA:223,29,5,0
BRDA:287,30,0,0
BRDA:287,30,1,0
BRDA:294,31,0,0
BRDA:294,31,1,0
BRDA:294,32,0,0
BRDA:294,32,1,0
BRDA:294,32,2,0
BRDA:321,33,0,0
BRDA:321,33,1,0
BRDA:336,34,0,0
BRDA:336,34,1,0
BRDA:343,35,0,0
BRDA:343,35,1,0
BRDA:343,36,0,0
BRDA:343,36,1,0
BRDA:352,37,0,0
BRDA:352,37,1,0
BRDA:352,38,0,0
BRDA:352,38,1,0
BRDA:361,39,0,0
BRDA:361,39,1,0
BRDA:361,40,0,0
BRDA:361,40,1,0
BRDA:361,40,2,0
BRDA:370,41,0,0
BRDA:370,41,1,0
BRDA:370,42,0,0
BRDA:370,42,1,0
BRDA:370,42,2,0
BRDA:379,43,0,0
BRDA:379,43,1,0
BRDA:379,44,0,0
BRDA:379,44,1,0
BRDA:379,44,2,0
BRDA:388,45,0,0
BRDA:388,45,1,0
BRDA:388,46,0,0
BRDA:388,46,1,0
BRDA:398,47,0,0
BRDA:398,47,1,0
BRDA:398,48,0,0
BRDA:398,48,1,0
BRDA:407,49,0,0
BRDA:407,49,1,0
BRDA:407,50,0,0
BRDA:407,50,1,0
BRDA:417,51,0,0
BRDA:417,51,1,0
BRDA:417,52,0,0
BRDA:417,52,1,0
BRDA:419,53,0,0
BRDA:419,53,1,0
BRDA:419,54,0,0
BRDA:419,54,1,0
BRDA:427,55,0,0
BRDA:427,55,1,0
BRDA:427,56,0,0
BRDA:427,56,1,0
BRDA:439,57,0,0
BRDA:439,57,1,0
BRDA:439,58,0,0
BRDA:439,58,1,0
BRDA:441,59,0,0
BRDA:441,59,1,0
BRDA:441,60,0,0
BRDA:441,60,1,0
BRDA:452,61,0,0
BRDA:452,61,1,0
BRDA:529,62,0,0
BRDA:529,62,1,0
BRDA:541,63,0,0
BRDA:541,63,1,0
BRDA:549,64,0,0
BRDA:549,64,1,0
BRDA:549,65,0,0
BRDA:549,65,1,0
BRDA:583,66,0,0
BRDA:583,66,1,0
BRDA:591,67,0,0
BRDA:591,67,1,0
BRDA:591,68,0,0
BRDA:591,68,1,0
BRDA:632,69,0,0
BRDA:632,69,1,0
BRDA:645,70,0,0
BRDA:645,70,1,0
BRDA:679,71,0,0
BRDA:679,71,1,0
BRDA:712,72,0,0
BRDA:712,72,1,0
BRDA:722,73,0,0
BRDA:722,73,1,0
BRDA:734,74,0,0
BRDA:734,74,1,0
BRF:156
BRH:0
end_of_record
TN:
SF:src\routes\users.js
FN:14,(anonymous_0)
FN:44,(anonymous_1)
FN:66,(anonymous_2)
FN:98,(anonymous_3)
FN:135,(anonymous_4)
FNF:5
FNH:0
FNDA:0,(anonymous_0)
FNDA:0,(anonymous_1)
FNDA:0,(anonymous_2)
FNDA:0,(anonymous_3)
FNDA:0,(anonymous_4)
DA:3,1
DA:4,1
DA:5,1
DA:6,1
DA:7,1
DA:9,1
DA:14,1
DA:15,0
DA:16,0
DA:21,0
DA:22,0
DA:28,0
DA:33,0
DA:34,0
DA:44,1
DA:45,0
DA:46,0
DA:50,0
DA:55,0
DA:56,0
DA:66,1
DA:67,0
DA:68,0
DA:77,0
DA:82,0
DA:83,0
DA:93,1
DA:99,0
DA:100,0
DA:102,0
DA:103,0
DA:109,0
DA:119,0
DA:124,0
DA:125,0
DA:135,1
DA:136,0
DA:137,0
DA:174,0
DA:179,0
DA:180,0
DA:187,1
LF:42
LH:12
BRDA:21,0,0,0
BRDA:21,0,1,0
BRDA:102,1,0,0
BRDA:102,1,1,0
BRF:4
BRH:0
end_of_record
